
**** Build of configuration Debug for project rm46_can_boot ****

/home/iris/ti/ccs910/ccs/utils/bin/gmake -k -j 8 all -O 
 
Building file: "/home/iris/Desktop/Workspaces/v9_workspace_bootloader/SafetyMCU_Bootloaders/HALCoGen/RM46/source/dabort.asm"
Invoking: ARM Compiler
"/home/iris/ti/ccs910/ccs/tools/compiler/ti-cgt-arm_18.12.2.LTS/bin/armcl" -mv7R4 --code_state=32 --float_support=VFPv3D16 -me --include_path="/home/iris/ti/ccs910/ccs/tools/compiler/ti-cgt-arm_18.12.2.LTS/include" --include_path="/home/iris/Desktop/Workspaces/v9_workspace_bootloader/SafetyMCU_Bootloaders/RM46Lx/rm46_can_boot" --include_path="/home/iris/Desktop/Workspaces/v9_workspace_bootloader/SafetyMCU_Bootloaders/include" --include_path="/home/iris/ti/Hercules/F021 Flash API/02.01.01/include" --include_path="/home/iris/Desktop/Workspaces/v9_workspace_bootloader/SafetyMCU_Bootloaders/HALCoGen/RM46/include" -g --diag_warning=225 --diag_wrap=off --display_error_number --enum_type=packed --abi=eabi --preproc_with_compile --preproc_dependency="RM46/source/dabort.d_raw" --obj_directory="RM46/source"  "/home/iris/Desktop/Workspaces/v9_workspace_bootloader/SafetyMCU_Bootloaders/HALCoGen/RM46/source/dabort.asm"
Finished building: "/home/iris/Desktop/Workspaces/v9_workspace_bootloader/SafetyMCU_Bootloaders/HALCoGen/RM46/source/dabort.asm"
 
Building file: "/home/iris/Desktop/Workspaces/v9_workspace_bootloader/SafetyMCU_Bootloaders/HALCoGen/RM46/source/mdio.c"
Invoking: ARM Compiler
"/home/iris/ti/ccs910/ccs/tools/compiler/ti-cgt-arm_18.12.2.LTS/bin/armcl" -mv7R4 --code_state=32 --float_support=VFPv3D16 -me --include_path="/home/iris/ti/ccs910/ccs/tools/compiler/ti-cgt-arm_18.12.2.LTS/include" --include_path="/home/iris/Desktop/Workspaces/v9_workspace_bootloader/SafetyMCU_Bootloaders/RM46Lx/rm46_can_boot" --include_path="/home/iris/Desktop/Workspaces/v9_workspace_bootloader/SafetyMCU_Bootloaders/include" --include_path="/home/iris/ti/Hercules/F021 Flash API/02.01.01/include" --include_path="/home/iris/Desktop/Workspaces/v9_workspace_bootloader/SafetyMCU_Bootloaders/HALCoGen/RM46/include" -g --diag_warning=225 --diag_wrap=off --display_error_number --enum_type=packed --abi=eabi --preproc_with_compile --preproc_dependency="RM46/source/mdio.d_raw" --obj_directory="RM46/source"  "/home/iris/Desktop/Workspaces/v9_workspace_bootloader/SafetyMCU_Bootloaders/HALCoGen/RM46/source/mdio.c"
Finished building: "/home/iris/Desktop/Workspaces/v9_workspace_bootloader/SafetyMCU_Bootloaders/HALCoGen/RM46/source/mdio.c"
 
Building file: "/home/iris/Desktop/Workspaces/v9_workspace_bootloader/SafetyMCU_Bootloaders/HALCoGen/RM46/source/errata_SSWF021_45.c"
Invoking: ARM Compiler
"/home/iris/ti/ccs910/ccs/tools/compiler/ti-cgt-arm_18.12.2.LTS/bin/armcl" -mv7R4 --code_state=32 --float_support=VFPv3D16 -me --include_path="/home/iris/ti/ccs910/ccs/tools/compiler/ti-cgt-arm_18.12.2.LTS/include" --include_path="/home/iris/Desktop/Workspaces/v9_workspace_bootloader/SafetyMCU_Bootloaders/RM46Lx/rm46_can_boot" --include_path="/home/iris/Desktop/Workspaces/v9_workspace_bootloader/SafetyMCU_Bootloaders/include" --include_path="/home/iris/ti/Hercules/F021 Flash API/02.01.01/include" --include_path="/home/iris/Desktop/Workspaces/v9_workspace_bootloader/SafetyMCU_Bootloaders/HALCoGen/RM46/include" -g --diag_warning=225 --diag_wrap=off --display_error_number --enum_type=packed --abi=eabi --preproc_with_compile --preproc_dependency="RM46/source/errata_SSWF021_45.d_raw" --obj_directory="RM46/source"  "/home/iris/Desktop/Workspaces/v9_workspace_bootloader/SafetyMCU_Bootloaders/HALCoGen/RM46/source/errata_SSWF021_45.c"
Finished building: "/home/iris/Desktop/Workspaces/v9_workspace_bootloader/SafetyMCU_Bootloaders/HALCoGen/RM46/source/errata_SSWF021_45.c"
 
Building file: "/home/iris/Desktop/Workspaces/v9_workspace_bootloader/SafetyMCU_Bootloaders/HALCoGen/RM46/source/gio.c"
Invoking: ARM Compiler
"/home/iris/ti/ccs910/ccs/tools/compiler/ti-cgt-arm_18.12.2.LTS/bin/armcl" -mv7R4 --code_state=32 --float_support=VFPv3D16 -me --include_path="/home/iris/ti/ccs910/ccs/tools/compiler/ti-cgt-arm_18.12.2.LTS/include" --include_path="/home/iris/Desktop/Workspaces/v9_workspace_bootloader/SafetyMCU_Bootloaders/RM46Lx/rm46_can_boot" --include_path="/home/iris/Desktop/Workspaces/v9_workspace_bootloader/SafetyMCU_Bootloaders/include" --include_path="/home/iris/ti/Hercules/F021 Flash API/02.01.01/include" --include_path="/home/iris/Desktop/Workspaces/v9_workspace_bootloader/SafetyMCU_Bootloaders/HALCoGen/RM46/include" -g --diag_warning=225 --diag_wrap=off --display_error_number --enum_type=packed --abi=eabi --preproc_with_compile --preproc_dependency="RM46/source/gio.d_raw" --obj_directory="RM46/source"  "/home/iris/Desktop/Workspaces/v9_workspace_bootloader/SafetyMCU_Bootloaders/HALCoGen/RM46/source/gio.c"
Finished building: "/home/iris/Desktop/Workspaces/v9_workspace_bootloader/SafetyMCU_Bootloaders/HALCoGen/RM46/source/gio.c"
 
Building file: "/home/iris/Desktop/Workspaces/v9_workspace_bootloader/SafetyMCU_Bootloaders/HALCoGen/RM46/source/esm.c"
Invoking: ARM Compiler
"/home/iris/ti/ccs910/ccs/tools/compiler/ti-cgt-arm_18.12.2.LTS/bin/armcl" -mv7R4 --code_state=32 --float_support=VFPv3D16 -me --include_path="/home/iris/ti/ccs910/ccs/tools/compiler/ti-cgt-arm_18.12.2.LTS/include" --include_path="/home/iris/Desktop/Workspaces/v9_workspace_bootloader/SafetyMCU_Bootloaders/RM46Lx/rm46_can_boot" --include_path="/home/iris/Desktop/Workspaces/v9_workspace_bootloader/SafetyMCU_Bootloaders/include" --include_path="/home/iris/ti/Hercules/F021 Flash API/02.01.01/include" --include_path="/home/iris/Desktop/Workspaces/v9_workspace_bootloader/SafetyMCU_Bootloaders/HALCoGen/RM46/include" -g --diag_warning=225 --diag_wrap=off --display_error_number --enum_type=packed --abi=eabi --preproc_with_compile --preproc_dependency="RM46/source/esm.d_raw" --obj_directory="RM46/source"  "/home/iris/Desktop/Workspaces/v9_workspace_bootloader/SafetyMCU_Bootloaders/HALCoGen/RM46/source/esm.c"
Finished building: "/home/iris/Desktop/Workspaces/v9_workspace_bootloader/SafetyMCU_Bootloaders/HALCoGen/RM46/source/esm.c"
 
Building file: "/home/iris/Desktop/Workspaces/v9_workspace_bootloader/SafetyMCU_Bootloaders/HALCoGen/RM46/source/can.c"
Invoking: ARM Compiler
"/home/iris/ti/ccs910/ccs/tools/compiler/ti-cgt-arm_18.12.2.LTS/bin/armcl" -mv7R4 --code_state=32 --float_support=VFPv3D16 -me --include_path="/home/iris/ti/ccs910/ccs/tools/compiler/ti-cgt-arm_18.12.2.LTS/include" --include_path="/home/iris/Desktop/Workspaces/v9_workspace_bootloader/SafetyMCU_Bootloaders/RM46Lx/rm46_can_boot" --include_path="/home/iris/Desktop/Workspaces/v9_workspace_bootloader/SafetyMCU_Bootloaders/include" --include_path="/home/iris/ti/Hercules/F021 Flash API/02.01.01/include" --include_path="/home/iris/Desktop/Workspaces/v9_workspace_bootloader/SafetyMCU_Bootloaders/HALCoGen/RM46/include" -g --diag_warning=225 --diag_wrap=off --display_error_number --enum_type=packed --abi=eabi --preproc_with_compile --preproc_dependency="RM46/source/can.d_raw" --obj_directory="RM46/source"  "/home/iris/Desktop/Workspaces/v9_workspace_bootloader/SafetyMCU_Bootloaders/HALCoGen/RM46/source/can.c"
Finished building: "/home/iris/Desktop/Workspaces/v9_workspace_bootloader/SafetyMCU_Bootloaders/HALCoGen/RM46/source/can.c"
 
Building file: "/home/iris/Desktop/Workspaces/v9_workspace_bootloader/SafetyMCU_Bootloaders/HALCoGen/RM46/source/phy_dp83640.c"
Invoking: ARM Compiler
"/home/iris/ti/ccs910/ccs/tools/compiler/ti-cgt-arm_18.12.2.LTS/bin/armcl" -mv7R4 --code_state=32 --float_support=VFPv3D16 -me --include_path="/home/iris/ti/ccs910/ccs/tools/compiler/ti-cgt-arm_18.12.2.LTS/include" --include_path="/home/iris/Desktop/Workspaces/v9_workspace_bootloader/SafetyMCU_Bootloaders/RM46Lx/rm46_can_boot" --include_path="/home/iris/Desktop/Workspaces/v9_workspace_bootloader/SafetyMCU_Bootloaders/include" --include_path="/home/iris/ti/Hercules/F021 Flash API/02.01.01/include" --include_path="/home/iris/Desktop/Workspaces/v9_workspace_bootloader/SafetyMCU_Bootloaders/HALCoGen/RM46/include" -g --diag_warning=225 --diag_wrap=off --display_error_number --enum_type=packed --abi=eabi --preproc_with_compile --preproc_dependency="RM46/source/phy_dp83640.d_raw" --obj_directory="RM46/source"  "/home/iris/Desktop/Workspaces/v9_workspace_bootloader/SafetyMCU_Bootloaders/HALCoGen/RM46/source/phy_dp83640.c"
Finished building: "/home/iris/Desktop/Workspaces/v9_workspace_bootloader/SafetyMCU_Bootloaders/HALCoGen/RM46/source/phy_dp83640.c"
 
Building file: "/home/iris/Desktop/Workspaces/v9_workspace_bootloader/SafetyMCU_Bootloaders/HALCoGen/RM46/source/sys_core.asm"
Invoking: ARM Compiler
"/home/iris/ti/ccs910/ccs/tools/compiler/ti-cgt-arm_18.12.2.LTS/bin/armcl" -mv7R4 --code_state=32 --float_support=VFPv3D16 -me --include_path="/home/iris/ti/ccs910/ccs/tools/compiler/ti-cgt-arm_18.12.2.LTS/include" --include_path="/home/iris/Desktop/Workspaces/v9_workspace_bootloader/SafetyMCU_Bootloaders/RM46Lx/rm46_can_boot" --include_path="/home/iris/Desktop/Workspaces/v9_workspace_bootloader/SafetyMCU_Bootloaders/include" --include_path="/home/iris/ti/Hercules/F021 Flash API/02.01.01/include" --include_path="/home/iris/Desktop/Workspaces/v9_workspace_bootloader/SafetyMCU_Bootloaders/HALCoGen/RM46/include" -g --diag_warning=225 --diag_wrap=off --display_error_number --enum_type=packed --abi=eabi --preproc_with_compile --preproc_dependency="RM46/source/sys_core.d_raw" --obj_directory="RM46/source"  "/home/iris/Desktop/Workspaces/v9_workspace_bootloader/SafetyMCU_Bootloaders/HALCoGen/RM46/source/sys_core.asm"
Finished building: "/home/iris/Desktop/Workspaces/v9_workspace_bootloader/SafetyMCU_Bootloaders/HALCoGen/RM46/source/sys_core.asm"
 
Building file: "/home/iris/Desktop/Workspaces/v9_workspace_bootloader/SafetyMCU_Bootloaders/HALCoGen/RM46/source/sys_intvecs.asm"
Invoking: ARM Compiler
"/home/iris/ti/ccs910/ccs/tools/compiler/ti-cgt-arm_18.12.2.LTS/bin/armcl" -mv7R4 --code_state=32 --float_support=VFPv3D16 -me --include_path="/home/iris/ti/ccs910/ccs/tools/compiler/ti-cgt-arm_18.12.2.LTS/include" --include_path="/home/iris/Desktop/Workspaces/v9_workspace_bootloader/SafetyMCU_Bootloaders/RM46Lx/rm46_can_boot" --include_path="/home/iris/Desktop/Workspaces/v9_workspace_bootloader/SafetyMCU_Bootloaders/include" --include_path="/home/iris/ti/Hercules/F021 Flash API/02.01.01/include" --include_path="/home/iris/Desktop/Workspaces/v9_workspace_bootloader/SafetyMCU_Bootloaders/HALCoGen/RM46/include" -g --diag_warning=225 --diag_wrap=off --display_error_number --enum_type=packed --abi=eabi --preproc_with_compile --preproc_dependency="RM46/source/sys_intvecs.d_raw" --obj_directory="RM46/source"  "/home/iris/Desktop/Workspaces/v9_workspace_bootloader/SafetyMCU_Bootloaders/HALCoGen/RM46/source/sys_intvecs.asm"
Finished building: "/home/iris/Desktop/Workspaces/v9_workspace_bootloader/SafetyMCU_Bootloaders/HALCoGen/RM46/source/sys_intvecs.asm"
 
Building file: "/home/iris/Desktop/Workspaces/v9_workspace_bootloader/SafetyMCU_Bootloaders/HALCoGen/RM46/source/sys_mpu.asm"
Invoking: ARM Compiler
"/home/iris/ti/ccs910/ccs/tools/compiler/ti-cgt-arm_18.12.2.LTS/bin/armcl" -mv7R4 --code_state=32 --float_support=VFPv3D16 -me --include_path="/home/iris/ti/ccs910/ccs/tools/compiler/ti-cgt-arm_18.12.2.LTS/include" --include_path="/home/iris/Desktop/Workspaces/v9_workspace_bootloader/SafetyMCU_Bootloaders/RM46Lx/rm46_can_boot" --include_path="/home/iris/Desktop/Workspaces/v9_workspace_bootloader/SafetyMCU_Bootloaders/include" --include_path="/home/iris/ti/Hercules/F021 Flash API/02.01.01/include" --include_path="/home/iris/Desktop/Workspaces/v9_workspace_bootloader/SafetyMCU_Bootloaders/HALCoGen/RM46/include" -g --diag_warning=225 --diag_wrap=off --display_error_number --enum_type=packed --abi=eabi --preproc_with_compile --preproc_dependency="RM46/source/sys_mpu.d_raw" --obj_directory="RM46/source"  "/home/iris/Desktop/Workspaces/v9_workspace_bootloader/SafetyMCU_Bootloaders/HALCoGen/RM46/source/sys_mpu.asm"
Finished building: "/home/iris/Desktop/Workspaces/v9_workspace_bootloader/SafetyMCU_Bootloaders/HALCoGen/RM46/source/sys_mpu.asm"
 
Building file: "/home/iris/Desktop/Workspaces/v9_workspace_bootloader/SafetyMCU_Bootloaders/HALCoGen/RM46/source/notification.c"
Invoking: ARM Compiler
"/home/iris/ti/ccs910/ccs/tools/compiler/ti-cgt-arm_18.12.2.LTS/bin/armcl" -mv7R4 --code_state=32 --float_support=VFPv3D16 -me --include_path="/home/iris/ti/ccs910/ccs/tools/compiler/ti-cgt-arm_18.12.2.LTS/include" --include_path="/home/iris/Desktop/Workspaces/v9_workspace_bootloader/SafetyMCU_Bootloaders/RM46Lx/rm46_can_boot" --include_path="/home/iris/Desktop/Workspaces/v9_workspace_bootloader/SafetyMCU_Bootloaders/include" --include_path="/home/iris/ti/Hercules/F021 Flash API/02.01.01/include" --include_path="/home/iris/Desktop/Workspaces/v9_workspace_bootloader/SafetyMCU_Bootloaders/HALCoGen/RM46/include" -g --diag_warning=225 --diag_wrap=off --display_error_number --enum_type=packed --abi=eabi --preproc_with_compile --preproc_dependency="RM46/source/notification.d_raw" --obj_directory="RM46/source"  "/home/iris/Desktop/Workspaces/v9_workspace_bootloader/SafetyMCU_Bootloaders/HALCoGen/RM46/source/notification.c"
Finished building: "/home/iris/Desktop/Workspaces/v9_workspace_bootloader/SafetyMCU_Bootloaders/HALCoGen/RM46/source/notification.c"
 
Building file: "/home/iris/Desktop/Workspaces/v9_workspace_bootloader/SafetyMCU_Bootloaders/HALCoGen/RM46/source/rti.c"
Invoking: ARM Compiler
"/home/iris/ti/ccs910/ccs/tools/compiler/ti-cgt-arm_18.12.2.LTS/bin/armcl" -mv7R4 --code_state=32 --float_support=VFPv3D16 -me --include_path="/home/iris/ti/ccs910/ccs/tools/compiler/ti-cgt-arm_18.12.2.LTS/include" --include_path="/home/iris/Desktop/Workspaces/v9_workspace_bootloader/SafetyMCU_Bootloaders/RM46Lx/rm46_can_boot" --include_path="/home/iris/Desktop/Workspaces/v9_workspace_bootloader/SafetyMCU_Bootloaders/include" --include_path="/home/iris/ti/Hercules/F021 Flash API/02.01.01/include" --include_path="/home/iris/Desktop/Workspaces/v9_workspace_bootloader/SafetyMCU_Bootloaders/HALCoGen/RM46/include" -g --diag_warning=225 --diag_wrap=off --display_error_number --enum_type=packed --abi=eabi --preproc_with_compile --preproc_dependency="RM46/source/rti.d_raw" --obj_directory="RM46/source"  "/home/iris/Desktop/Workspaces/v9_workspace_bootloader/SafetyMCU_Bootloaders/HALCoGen/RM46/source/rti.c"
Finished building: "/home/iris/Desktop/Workspaces/v9_workspace_bootloader/SafetyMCU_Bootloaders/HALCoGen/RM46/source/rti.c"
 
Building file: "/home/iris/Desktop/Workspaces/v9_workspace_bootloader/SafetyMCU_Bootloaders/HALCoGen/RM46/source/sys_phantom.c"
Invoking: ARM Compiler
"/home/iris/ti/ccs910/ccs/tools/compiler/ti-cgt-arm_18.12.2.LTS/bin/armcl" -mv7R4 --code_state=32 --float_support=VFPv3D16 -me --include_path="/home/iris/ti/ccs910/ccs/tools/compiler/ti-cgt-arm_18.12.2.LTS/include" --include_path="/home/iris/Desktop/Workspaces/v9_workspace_bootloader/SafetyMCU_Bootloaders/RM46Lx/rm46_can_boot" --include_path="/home/iris/Desktop/Workspaces/v9_workspace_bootloader/SafetyMCU_Bootloaders/include" --include_path="/home/iris/ti/Hercules/F021 Flash API/02.01.01/include" --include_path="/home/iris/Desktop/Workspaces/v9_workspace_bootloader/SafetyMCU_Bootloaders/HALCoGen/RM46/include" -g --diag_warning=225 --diag_wrap=off --display_error_number --enum_type=packed --abi=eabi --preproc_with_compile --preproc_dependency="RM46/source/sys_phantom.d_raw" --obj_directory="RM46/source"  "/home/iris/Desktop/Workspaces/v9_workspace_bootloader/SafetyMCU_Bootloaders/HALCoGen/RM46/source/sys_phantom.c"
Finished building: "/home/iris/Desktop/Workspaces/v9_workspace_bootloader/SafetyMCU_Bootloaders/HALCoGen/RM46/source/sys_phantom.c"
 
Building file: "/home/iris/Desktop/Workspaces/v9_workspace_bootloader/SafetyMCU_Bootloaders/HALCoGen/RM46/source/sys_pmu.asm"
Invoking: ARM Compiler
"/home/iris/ti/ccs910/ccs/tools/compiler/ti-cgt-arm_18.12.2.LTS/bin/armcl" -mv7R4 --code_state=32 --float_support=VFPv3D16 -me --include_path="/home/iris/ti/ccs910/ccs/tools/compiler/ti-cgt-arm_18.12.2.LTS/include" --include_path="/home/iris/Desktop/Workspaces/v9_workspace_bootloader/SafetyMCU_Bootloaders/RM46Lx/rm46_can_boot" --include_path="/home/iris/Desktop/Workspaces/v9_workspace_bootloader/SafetyMCU_Bootloaders/include" --include_path="/home/iris/ti/Hercules/F021 Flash API/02.01.01/include" --include_path="/home/iris/Desktop/Workspaces/v9_workspace_bootloader/SafetyMCU_Bootloaders/HALCoGen/RM46/include" -g --diag_warning=225 --diag_wrap=off --display_error_number --enum_type=packed --abi=eabi --preproc_with_compile --preproc_dependency="RM46/source/sys_pmu.d_raw" --obj_directory="RM46/source"  "/home/iris/Desktop/Workspaces/v9_workspace_bootloader/SafetyMCU_Bootloaders/HALCoGen/RM46/source/sys_pmu.asm"
Finished building: "/home/iris/Desktop/Workspaces/v9_workspace_bootloader/SafetyMCU_Bootloaders/HALCoGen/RM46/source/sys_pmu.asm"
 
Building file: "/home/iris/Desktop/Workspaces/v9_workspace_bootloader/SafetyMCU_Bootloaders/HALCoGen/RM46/source/pinmux.c"
Invoking: ARM Compiler
"/home/iris/ti/ccs910/ccs/tools/compiler/ti-cgt-arm_18.12.2.LTS/bin/armcl" -mv7R4 --code_state=32 --float_support=VFPv3D16 -me --include_path="/home/iris/ti/ccs910/ccs/tools/compiler/ti-cgt-arm_18.12.2.LTS/include" --include_path="/home/iris/Desktop/Workspaces/v9_workspace_bootloader/SafetyMCU_Bootloaders/RM46Lx/rm46_can_boot" --include_path="/home/iris/Desktop/Workspaces/v9_workspace_bootloader/SafetyMCU_Bootloaders/include" --include_path="/home/iris/ti/Hercules/F021 Flash API/02.01.01/include" --include_path="/home/iris/Desktop/Workspaces/v9_workspace_bootloader/SafetyMCU_Bootloaders/HALCoGen/RM46/include" -g --diag_warning=225 --diag_wrap=off --display_error_number --enum_type=packed --abi=eabi --preproc_with_compile --preproc_dependency="RM46/source/pinmux.d_raw" --obj_directory="RM46/source"  "/home/iris/Desktop/Workspaces/v9_workspace_bootloader/SafetyMCU_Bootloaders/HALCoGen/RM46/source/pinmux.c"
Finished building: "/home/iris/Desktop/Workspaces/v9_workspace_bootloader/SafetyMCU_Bootloaders/HALCoGen/RM46/source/pinmux.c"
 
Building file: "/home/iris/Desktop/Workspaces/v9_workspace_bootloader/SafetyMCU_Bootloaders/HALCoGen/RM46/source/sys_dma.c"
Invoking: ARM Compiler
"/home/iris/ti/ccs910/ccs/tools/compiler/ti-cgt-arm_18.12.2.LTS/bin/armcl" -mv7R4 --code_state=32 --float_support=VFPv3D16 -me --include_path="/home/iris/ti/ccs910/ccs/tools/compiler/ti-cgt-arm_18.12.2.LTS/include" --include_path="/home/iris/Desktop/Workspaces/v9_workspace_bootloader/SafetyMCU_Bootloaders/RM46Lx/rm46_can_boot" --include_path="/home/iris/Desktop/Workspaces/v9_workspace_bootloader/SafetyMCU_Bootloaders/include" --include_path="/home/iris/ti/Hercules/F021 Flash API/02.01.01/include" --include_path="/home/iris/Desktop/Workspaces/v9_workspace_bootloader/SafetyMCU_Bootloaders/HALCoGen/RM46/include" -g --diag_warning=225 --diag_wrap=off --display_error_number --enum_type=packed --abi=eabi --preproc_with_compile --preproc_dependency="RM46/source/sys_dma.d_raw" --obj_directory="RM46/source"  "/home/iris/Desktop/Workspaces/v9_workspace_bootloader/SafetyMCU_Bootloaders/HALCoGen/RM46/source/sys_dma.c"
Finished building: "/home/iris/Desktop/Workspaces/v9_workspace_bootloader/SafetyMCU_Bootloaders/HALCoGen/RM46/source/sys_dma.c"
 
Building file: "/home/iris/Desktop/Workspaces/v9_workspace_bootloader/SafetyMCU_Bootloaders/HALCoGen/RM46/source/sys_pcr.c"
Invoking: ARM Compiler
"/home/iris/ti/ccs910/ccs/tools/compiler/ti-cgt-arm_18.12.2.LTS/bin/armcl" -mv7R4 --code_state=32 --float_support=VFPv3D16 -me --include_path="/home/iris/ti/ccs910/ccs/tools/compiler/ti-cgt-arm_18.12.2.LTS/include" --include_path="/home/iris/Desktop/Workspaces/v9_workspace_bootloader/SafetyMCU_Bootloaders/RM46Lx/rm46_can_boot" --include_path="/home/iris/Desktop/Workspaces/v9_workspace_bootloader/SafetyMCU_Bootloaders/include" --include_path="/home/iris/ti/Hercules/F021 Flash API/02.01.01/include" --include_path="/home/iris/Desktop/Workspaces/v9_workspace_bootloader/SafetyMCU_Bootloaders/HALCoGen/RM46/include" -g --diag_warning=225 --diag_wrap=off --display_error_number --enum_type=packed --abi=eabi --preproc_with_compile --preproc_dependency="RM46/source/sys_pcr.d_raw" --obj_directory="RM46/source"  "/home/iris/Desktop/Workspaces/v9_workspace_bootloader/SafetyMCU_Bootloaders/HALCoGen/RM46/source/sys_pcr.c"
Finished building: "/home/iris/Desktop/Workspaces/v9_workspace_bootloader/SafetyMCU_Bootloaders/HALCoGen/RM46/source/sys_pcr.c"
 
Building file: "/home/iris/Desktop/Workspaces/v9_workspace_bootloader/SafetyMCU_Bootloaders/HALCoGen/RM46/source/sys_pmm.c"
Invoking: ARM Compiler
"/home/iris/ti/ccs910/ccs/tools/compiler/ti-cgt-arm_18.12.2.LTS/bin/armcl" -mv7R4 --code_state=32 --float_support=VFPv3D16 -me --include_path="/home/iris/ti/ccs910/ccs/tools/compiler/ti-cgt-arm_18.12.2.LTS/include" --include_path="/home/iris/Desktop/Workspaces/v9_workspace_bootloader/SafetyMCU_Bootloaders/RM46Lx/rm46_can_boot" --include_path="/home/iris/Desktop/Workspaces/v9_workspace_bootloader/SafetyMCU_Bootloaders/include" --include_path="/home/iris/ti/Hercules/F021 Flash API/02.01.01/include" --include_path="/home/iris/Desktop/Workspaces/v9_workspace_bootloader/SafetyMCU_Bootloaders/HALCoGen/RM46/include" -g --diag_warning=225 --diag_wrap=off --display_error_number --enum_type=packed --abi=eabi --preproc_with_compile --preproc_dependency="RM46/source/sys_pmm.d_raw" --obj_directory="RM46/source"  "/home/iris/Desktop/Workspaces/v9_workspace_bootloader/SafetyMCU_Bootloaders/HALCoGen/RM46/source/sys_pmm.c"
Finished building: "/home/iris/Desktop/Workspaces/v9_workspace_bootloader/SafetyMCU_Bootloaders/HALCoGen/RM46/source/sys_pmm.c"
 
Building file: "/home/iris/Desktop/Workspaces/v9_workspace_bootloader/SafetyMCU_Bootloaders/HALCoGen/RM46/source/spi.c"
Invoking: ARM Compiler
"/home/iris/ti/ccs910/ccs/tools/compiler/ti-cgt-arm_18.12.2.LTS/bin/armcl" -mv7R4 --code_state=32 --float_support=VFPv3D16 -me --include_path="/home/iris/ti/ccs910/ccs/tools/compiler/ti-cgt-arm_18.12.2.LTS/include" --include_path="/home/iris/Desktop/Workspaces/v9_workspace_bootloader/SafetyMCU_Bootloaders/RM46Lx/rm46_can_boot" --include_path="/home/iris/Desktop/Workspaces/v9_workspace_bootloader/SafetyMCU_Bootloaders/include" --include_path="/home/iris/ti/Hercules/F021 Flash API/02.01.01/include" --include_path="/home/iris/Desktop/Workspaces/v9_workspace_bootloader/SafetyMCU_Bootloaders/HALCoGen/RM46/include" -g --diag_warning=225 --diag_wrap=off --display_error_number --enum_type=packed --abi=eabi --preproc_with_compile --preproc_dependency="RM46/source/spi.d_raw" --obj_directory="RM46/source"  "/home/iris/Desktop/Workspaces/v9_workspace_bootloader/SafetyMCU_Bootloaders/HALCoGen/RM46/source/spi.c"
Finished building: "/home/iris/Desktop/Workspaces/v9_workspace_bootloader/SafetyMCU_Bootloaders/HALCoGen/RM46/source/spi.c"
 
Building file: "/home/iris/Desktop/Workspaces/v9_workspace_bootloader/SafetyMCU_Bootloaders/HALCoGen/RM46/source/emac.c"
Invoking: ARM Compiler
"/home/iris/ti/ccs910/ccs/tools/compiler/ti-cgt-arm_18.12.2.LTS/bin/armcl" -mv7R4 --code_state=32 --float_support=VFPv3D16 -me --include_path="/home/iris/ti/ccs910/ccs/tools/compiler/ti-cgt-arm_18.12.2.LTS/include" --include_path="/home/iris/Desktop/Workspaces/v9_workspace_bootloader/SafetyMCU_Bootloaders/RM46Lx/rm46_can_boot" --include_path="/home/iris/Desktop/Workspaces/v9_workspace_bootloader/SafetyMCU_Bootloaders/include" --include_path="/home/iris/ti/Hercules/F021 Flash API/02.01.01/include" --include_path="/home/iris/Desktop/Workspaces/v9_workspace_bootloader/SafetyMCU_Bootloaders/HALCoGen/RM46/include" -g --diag_warning=225 --diag_wrap=off --display_error_number --enum_type=packed --abi=eabi --preproc_with_compile --preproc_dependency="RM46/source/emac.d_raw" --obj_directory="RM46/source"  "/home/iris/Desktop/Workspaces/v9_workspace_bootloader/SafetyMCU_Bootloaders/HALCoGen/RM46/source/emac.c"
Finished building: "/home/iris/Desktop/Workspaces/v9_workspace_bootloader/SafetyMCU_Bootloaders/HALCoGen/RM46/source/emac.c"
 
Building file: "/home/iris/Desktop/Workspaces/v9_workspace_bootloader/SafetyMCU_Bootloaders/HALCoGen/RM46/source/sci.c"
Invoking: ARM Compiler
"/home/iris/ti/ccs910/ccs/tools/compiler/ti-cgt-arm_18.12.2.LTS/bin/armcl" -mv7R4 --code_state=32 --float_support=VFPv3D16 -me --include_path="/home/iris/ti/ccs910/ccs/tools/compiler/ti-cgt-arm_18.12.2.LTS/include" --include_path="/home/iris/Desktop/Workspaces/v9_workspace_bootloader/SafetyMCU_Bootloaders/RM46Lx/rm46_can_boot" --include_path="/home/iris/Desktop/Workspaces/v9_workspace_bootloader/SafetyMCU_Bootloaders/include" --include_path="/home/iris/ti/Hercules/F021 Flash API/02.01.01/include" --include_path="/home/iris/Desktop/Workspaces/v9_workspace_bootloader/SafetyMCU_Bootloaders/HALCoGen/RM46/include" -g --diag_warning=225 --diag_wrap=off --display_error_number --enum_type=packed --abi=eabi --preproc_with_compile --preproc_dependency="RM46/source/sci.d_raw" --obj_directory="RM46/source"  "/home/iris/Desktop/Workspaces/v9_workspace_bootloader/SafetyMCU_Bootloaders/HALCoGen/RM46/source/sci.c"
Finished building: "/home/iris/Desktop/Workspaces/v9_workspace_bootloader/SafetyMCU_Bootloaders/HALCoGen/RM46/source/sci.c"
 
Building file: "/home/iris/Desktop/Workspaces/v9_workspace_bootloader/SafetyMCU_Bootloaders/source/bl_copySections2SRAM.asm"
Invoking: ARM Compiler
"/home/iris/ti/ccs910/ccs/tools/compiler/ti-cgt-arm_18.12.2.LTS/bin/armcl" -mv7R4 --code_state=32 --float_support=VFPv3D16 -me --include_path="/home/iris/ti/ccs910/ccs/tools/compiler/ti-cgt-arm_18.12.2.LTS/include" --include_path="/home/iris/Desktop/Workspaces/v9_workspace_bootloader/SafetyMCU_Bootloaders/RM46Lx/rm46_can_boot" --include_path="/home/iris/Desktop/Workspaces/v9_workspace_bootloader/SafetyMCU_Bootloaders/include" --include_path="/home/iris/ti/Hercules/F021 Flash API/02.01.01/include" --include_path="/home/iris/Desktop/Workspaces/v9_workspace_bootloader/SafetyMCU_Bootloaders/HALCoGen/RM46/include" -g --diag_warning=225 --diag_wrap=off --display_error_number --enum_type=packed --abi=eabi --preproc_with_compile --preproc_dependency="source/bl_copySections2SRAM.d_raw" --obj_directory="source"  "/home/iris/Desktop/Workspaces/v9_workspace_bootloader/SafetyMCU_Bootloaders/source/bl_copySections2SRAM.asm"
Finished building: "/home/iris/Desktop/Workspaces/v9_workspace_bootloader/SafetyMCU_Bootloaders/source/bl_copySections2SRAM.asm"
 
Building file: "/home/iris/Desktop/Workspaces/v9_workspace_bootloader/SafetyMCU_Bootloaders/source/bl_dcan.c"
Invoking: ARM Compiler
"/home/iris/ti/ccs910/ccs/tools/compiler/ti-cgt-arm_18.12.2.LTS/bin/armcl" -mv7R4 --code_state=32 --float_support=VFPv3D16 -me --include_path="/home/iris/ti/ccs910/ccs/tools/compiler/ti-cgt-arm_18.12.2.LTS/include" --include_path="/home/iris/Desktop/Workspaces/v9_workspace_bootloader/SafetyMCU_Bootloaders/RM46Lx/rm46_can_boot" --include_path="/home/iris/Desktop/Workspaces/v9_workspace_bootloader/SafetyMCU_Bootloaders/include" --include_path="/home/iris/ti/Hercules/F021 Flash API/02.01.01/include" --include_path="/home/iris/Desktop/Workspaces/v9_workspace_bootloader/SafetyMCU_Bootloaders/HALCoGen/RM46/include" -g --diag_warning=225 --diag_wrap=off --display_error_number --enum_type=packed --abi=eabi --preproc_with_compile --preproc_dependency="source/bl_dcan.d_raw" --obj_directory="source"  "/home/iris/Desktop/Workspaces/v9_workspace_bootloader/SafetyMCU_Bootloaders/source/bl_dcan.c"
Finished building: "/home/iris/Desktop/Workspaces/v9_workspace_bootloader/SafetyMCU_Bootloaders/source/bl_dcan.c"
 
Building file: "/home/iris/Desktop/Workspaces/v9_workspace_bootloader/SafetyMCU_Bootloaders/source/bl_check.c"
Invoking: ARM Compiler
"/home/iris/ti/ccs910/ccs/tools/compiler/ti-cgt-arm_18.12.2.LTS/bin/armcl" -mv7R4 --code_state=32 --float_support=VFPv3D16 -me --include_path="/home/iris/ti/ccs910/ccs/tools/compiler/ti-cgt-arm_18.12.2.LTS/include" --include_path="/home/iris/Desktop/Workspaces/v9_workspace_bootloader/SafetyMCU_Bootloaders/RM46Lx/rm46_can_boot" --include_path="/home/iris/Desktop/Workspaces/v9_workspace_bootloader/SafetyMCU_Bootloaders/include" --include_path="/home/iris/ti/Hercules/F021 Flash API/02.01.01/include" --include_path="/home/iris/Desktop/Workspaces/v9_workspace_bootloader/SafetyMCU_Bootloaders/HALCoGen/RM46/include" -g --diag_warning=225 --diag_wrap=off --display_error_number --enum_type=packed --abi=eabi --preproc_with_compile --preproc_dependency="source/bl_check.d_raw" --obj_directory="source"  "/home/iris/Desktop/Workspaces/v9_workspace_bootloader/SafetyMCU_Bootloaders/source/bl_check.c"
Finished building: "/home/iris/Desktop/Workspaces/v9_workspace_bootloader/SafetyMCU_Bootloaders/source/bl_check.c"
 
Building file: "/home/iris/Desktop/Workspaces/v9_workspace_bootloader/SafetyMCU_Bootloaders/source/Fapi_UserDefinedFunctions.c"
Invoking: ARM Compiler
"/home/iris/ti/ccs910/ccs/tools/compiler/ti-cgt-arm_18.12.2.LTS/bin/armcl" -mv7R4 --code_state=32 --float_support=VFPv3D16 -me --include_path="/home/iris/ti/ccs910/ccs/tools/compiler/ti-cgt-arm_18.12.2.LTS/include" --include_path="/home/iris/Desktop/Workspaces/v9_workspace_bootloader/SafetyMCU_Bootloaders/RM46Lx/rm46_can_boot" --include_path="/home/iris/Desktop/Workspaces/v9_workspace_bootloader/SafetyMCU_Bootloaders/include" --include_path="/home/iris/ti/Hercules/F021 Flash API/02.01.01/include" --include_path="/home/iris/Desktop/Workspaces/v9_workspace_bootloader/SafetyMCU_Bootloaders/HALCoGen/RM46/include" -g --diag_warning=225 --diag_wrap=off --display_error_number --enum_type=packed --abi=eabi --preproc_with_compile --preproc_dependency="source/Fapi_UserDefinedFunctions.d_raw" --obj_directory="source"  "/home/iris/Desktop/Workspaces/v9_workspace_bootloader/SafetyMCU_Bootloaders/source/Fapi_UserDefinedFunctions.c"
Finished building: "/home/iris/Desktop/Workspaces/v9_workspace_bootloader/SafetyMCU_Bootloaders/source/Fapi_UserDefinedFunctions.c"
 
Building file: "/home/iris/Desktop/Workspaces/v9_workspace_bootloader/SafetyMCU_Bootloaders/HALCoGen/RM46/source/sys_startup.c"
Invoking: ARM Compiler
"/home/iris/ti/ccs910/ccs/tools/compiler/ti-cgt-arm_18.12.2.LTS/bin/armcl" -mv7R4 --code_state=32 --float_support=VFPv3D16 -me --include_path="/home/iris/ti/ccs910/ccs/tools/compiler/ti-cgt-arm_18.12.2.LTS/include" --include_path="/home/iris/Desktop/Workspaces/v9_workspace_bootloader/SafetyMCU_Bootloaders/RM46Lx/rm46_can_boot" --include_path="/home/iris/Desktop/Workspaces/v9_workspace_bootloader/SafetyMCU_Bootloaders/include" --include_path="/home/iris/ti/Hercules/F021 Flash API/02.01.01/include" --include_path="/home/iris/Desktop/Workspaces/v9_workspace_bootloader/SafetyMCU_Bootloaders/HALCoGen/RM46/include" -g --diag_warning=225 --diag_wrap=off --display_error_number --enum_type=packed --abi=eabi --preproc_with_compile --preproc_dependency="RM46/source/sys_startup.d_raw" --obj_directory="RM46/source"  "/home/iris/Desktop/Workspaces/v9_workspace_bootloader/SafetyMCU_Bootloaders/HALCoGen/RM46/source/sys_startup.c"
Finished building: "/home/iris/Desktop/Workspaces/v9_workspace_bootloader/SafetyMCU_Bootloaders/HALCoGen/RM46/source/sys_startup.c"
 
Building file: "/home/iris/Desktop/Workspaces/v9_workspace_bootloader/SafetyMCU_Bootloaders/source/bl_led_demo.c"
Invoking: ARM Compiler
"/home/iris/ti/ccs910/ccs/tools/compiler/ti-cgt-arm_18.12.2.LTS/bin/armcl" -mv7R4 --code_state=32 --float_support=VFPv3D16 -me --include_path="/home/iris/ti/ccs910/ccs/tools/compiler/ti-cgt-arm_18.12.2.LTS/include" --include_path="/home/iris/Desktop/Workspaces/v9_workspace_bootloader/SafetyMCU_Bootloaders/RM46Lx/rm46_can_boot" --include_path="/home/iris/Desktop/Workspaces/v9_workspace_bootloader/SafetyMCU_Bootloaders/include" --include_path="/home/iris/ti/Hercules/F021 Flash API/02.01.01/include" --include_path="/home/iris/Desktop/Workspaces/v9_workspace_bootloader/SafetyMCU_Bootloaders/HALCoGen/RM46/include" -g --diag_warning=225 --diag_wrap=off --display_error_number --enum_type=packed --abi=eabi --preproc_with_compile --preproc_dependency="source/bl_led_demo.d_raw" --obj_directory="source"  "/home/iris/Desktop/Workspaces/v9_workspace_bootloader/SafetyMCU_Bootloaders/source/bl_led_demo.c"
Finished building: "/home/iris/Desktop/Workspaces/v9_workspace_bootloader/SafetyMCU_Bootloaders/source/bl_led_demo.c"
 
Building file: "/home/iris/Desktop/Workspaces/v9_workspace_bootloader/SafetyMCU_Bootloaders/source/bl_spi.c"
Invoking: ARM Compiler
"/home/iris/ti/ccs910/ccs/tools/compiler/ti-cgt-arm_18.12.2.LTS/bin/armcl" -mv7R4 --code_state=32 --float_support=VFPv3D16 -me --include_path="/home/iris/ti/ccs910/ccs/tools/compiler/ti-cgt-arm_18.12.2.LTS/include" --include_path="/home/iris/Desktop/Workspaces/v9_workspace_bootloader/SafetyMCU_Bootloaders/RM46Lx/rm46_can_boot" --include_path="/home/iris/Desktop/Workspaces/v9_workspace_bootloader/SafetyMCU_Bootloaders/include" --include_path="/home/iris/ti/Hercules/F021 Flash API/02.01.01/include" --include_path="/home/iris/Desktop/Workspaces/v9_workspace_bootloader/SafetyMCU_Bootloaders/HALCoGen/RM46/include" -g --diag_warning=225 --diag_wrap=off --display_error_number --enum_type=packed --abi=eabi --preproc_with_compile --preproc_dependency="source/bl_spi.d_raw" --obj_directory="source"  "/home/iris/Desktop/Workspaces/v9_workspace_bootloader/SafetyMCU_Bootloaders/source/bl_spi.c"
Finished building: "/home/iris/Desktop/Workspaces/v9_workspace_bootloader/SafetyMCU_Bootloaders/source/bl_spi.c"
 
Building file: "/home/iris/Desktop/Workspaces/v9_workspace_bootloader/SafetyMCU_Bootloaders/source/bl_main.c"
Invoking: ARM Compiler
"/home/iris/ti/ccs910/ccs/tools/compiler/ti-cgt-arm_18.12.2.LTS/bin/armcl" -mv7R4 --code_state=32 --float_support=VFPv3D16 -me --include_path="/home/iris/ti/ccs910/ccs/tools/compiler/ti-cgt-arm_18.12.2.LTS/include" --include_path="/home/iris/Desktop/Workspaces/v9_workspace_bootloader/SafetyMCU_Bootloaders/RM46Lx/rm46_can_boot" --include_path="/home/iris/Desktop/Workspaces/v9_workspace_bootloader/SafetyMCU_Bootloaders/include" --include_path="/home/iris/ti/Hercules/F021 Flash API/02.01.01/include" --include_path="/home/iris/Desktop/Workspaces/v9_workspace_bootloader/SafetyMCU_Bootloaders/HALCoGen/RM46/include" -g --diag_warning=225 --diag_wrap=off --display_error_number --enum_type=packed --abi=eabi --preproc_with_compile --preproc_dependency="source/bl_main.d_raw" --obj_directory="source"  "/home/iris/Desktop/Workspaces/v9_workspace_bootloader/SafetyMCU_Bootloaders/source/bl_main.c"
Finished building: "/home/iris/Desktop/Workspaces/v9_workspace_bootloader/SafetyMCU_Bootloaders/source/bl_main.c"
 
Building file: "/home/iris/Desktop/Workspaces/v9_workspace_bootloader/SafetyMCU_Bootloaders/source/bl_spi_packet.c"
Invoking: ARM Compiler
"/home/iris/ti/ccs910/ccs/tools/compiler/ti-cgt-arm_18.12.2.LTS/bin/armcl" -mv7R4 --code_state=32 --float_support=VFPv3D16 -me --include_path="/home/iris/ti/ccs910/ccs/tools/compiler/ti-cgt-arm_18.12.2.LTS/include" --include_path="/home/iris/Desktop/Workspaces/v9_workspace_bootloader/SafetyMCU_Bootloaders/RM46Lx/rm46_can_boot" --include_path="/home/iris/Desktop/Workspaces/v9_workspace_bootloader/SafetyMCU_Bootloaders/include" --include_path="/home/iris/ti/Hercules/F021 Flash API/02.01.01/include" --include_path="/home/iris/Desktop/Workspaces/v9_workspace_bootloader/SafetyMCU_Bootloaders/HALCoGen/RM46/include" -g --diag_warning=225 --diag_wrap=off --display_error_number --enum_type=packed --abi=eabi --preproc_with_compile --preproc_dependency="source/bl_spi_packet.d_raw" --obj_directory="source"  "/home/iris/Desktop/Workspaces/v9_workspace_bootloader/SafetyMCU_Bootloaders/source/bl_spi_packet.c"
Finished building: "/home/iris/Desktop/Workspaces/v9_workspace_bootloader/SafetyMCU_Bootloaders/source/bl_spi_packet.c"
 
Building file: "/home/iris/Desktop/Workspaces/v9_workspace_bootloader/SafetyMCU_Bootloaders/HALCoGen/RM46/source/sys_vim.c"
Invoking: ARM Compiler
"/home/iris/ti/ccs910/ccs/tools/compiler/ti-cgt-arm_18.12.2.LTS/bin/armcl" -mv7R4 --code_state=32 --float_support=VFPv3D16 -me --include_path="/home/iris/ti/ccs910/ccs/tools/compiler/ti-cgt-arm_18.12.2.LTS/include" --include_path="/home/iris/Desktop/Workspaces/v9_workspace_bootloader/SafetyMCU_Bootloaders/RM46Lx/rm46_can_boot" --include_path="/home/iris/Desktop/Workspaces/v9_workspace_bootloader/SafetyMCU_Bootloaders/include" --include_path="/home/iris/ti/Hercules/F021 Flash API/02.01.01/include" --include_path="/home/iris/Desktop/Workspaces/v9_workspace_bootloader/SafetyMCU_Bootloaders/HALCoGen/RM46/include" -g --diag_warning=225 --diag_wrap=off --display_error_number --enum_type=packed --abi=eabi --preproc_with_compile --preproc_dependency="RM46/source/sys_vim.d_raw" --obj_directory="RM46/source"  "/home/iris/Desktop/Workspaces/v9_workspace_bootloader/SafetyMCU_Bootloaders/HALCoGen/RM46/source/sys_vim.c"
Finished building: "/home/iris/Desktop/Workspaces/v9_workspace_bootloader/SafetyMCU_Bootloaders/HALCoGen/RM46/source/sys_vim.c"
 
Building file: "/home/iris/Desktop/Workspaces/v9_workspace_bootloader/SafetyMCU_Bootloaders/source/bl_uart.c"
Invoking: ARM Compiler
"/home/iris/ti/ccs910/ccs/tools/compiler/ti-cgt-arm_18.12.2.LTS/bin/armcl" -mv7R4 --code_state=32 --float_support=VFPv3D16 -me --include_path="/home/iris/ti/ccs910/ccs/tools/compiler/ti-cgt-arm_18.12.2.LTS/include" --include_path="/home/iris/Desktop/Workspaces/v9_workspace_bootloader/SafetyMCU_Bootloaders/RM46Lx/rm46_can_boot" --include_path="/home/iris/Desktop/Workspaces/v9_workspace_bootloader/SafetyMCU_Bootloaders/include" --include_path="/home/iris/ti/Hercules/F021 Flash API/02.01.01/include" --include_path="/home/iris/Desktop/Workspaces/v9_workspace_bootloader/SafetyMCU_Bootloaders/HALCoGen/RM46/include" -g --diag_warning=225 --diag_wrap=off --display_error_number --enum_type=packed --abi=eabi --preproc_with_compile --preproc_dependency="source/bl_uart.d_raw" --obj_directory="source"  "/home/iris/Desktop/Workspaces/v9_workspace_bootloader/SafetyMCU_Bootloaders/source/bl_uart.c"
Finished building: "/home/iris/Desktop/Workspaces/v9_workspace_bootloader/SafetyMCU_Bootloaders/source/bl_uart.c"
 
Building file: "/home/iris/Desktop/Workspaces/v9_workspace_bootloader/SafetyMCU_Bootloaders/source/ymodem_crc16.asm"
Invoking: ARM Compiler
"/home/iris/ti/ccs910/ccs/tools/compiler/ti-cgt-arm_18.12.2.LTS/bin/armcl" -mv7R4 --code_state=32 --float_support=VFPv3D16 -me --include_path="/home/iris/ti/ccs910/ccs/tools/compiler/ti-cgt-arm_18.12.2.LTS/include" --include_path="/home/iris/Desktop/Workspaces/v9_workspace_bootloader/SafetyMCU_Bootloaders/RM46Lx/rm46_can_boot" --include_path="/home/iris/Desktop/Workspaces/v9_workspace_bootloader/SafetyMCU_Bootloaders/include" --include_path="/home/iris/ti/Hercules/F021 Flash API/02.01.01/include" --include_path="/home/iris/Desktop/Workspaces/v9_workspace_bootloader/SafetyMCU_Bootloaders/HALCoGen/RM46/include" -g --diag_warning=225 --diag_wrap=off --display_error_number --enum_type=packed --abi=eabi --preproc_with_compile --preproc_dependency="source/ymodem_crc16.d_raw" --obj_directory="source"  "/home/iris/Desktop/Workspaces/v9_workspace_bootloader/SafetyMCU_Bootloaders/source/ymodem_crc16.asm"
Finished building: "/home/iris/Desktop/Workspaces/v9_workspace_bootloader/SafetyMCU_Bootloaders/source/ymodem_crc16.asm"
 
Building file: "/home/iris/Desktop/Workspaces/v9_workspace_bootloader/SafetyMCU_Bootloaders/source/bl_flash.c"
Invoking: ARM Compiler
"/home/iris/ti/ccs910/ccs/tools/compiler/ti-cgt-arm_18.12.2.LTS/bin/armcl" -mv7R4 --code_state=32 --float_support=VFPv3D16 -me --include_path="/home/iris/ti/ccs910/ccs/tools/compiler/ti-cgt-arm_18.12.2.LTS/include" --include_path="/home/iris/Desktop/Workspaces/v9_workspace_bootloader/SafetyMCU_Bootloaders/RM46Lx/rm46_can_boot" --include_path="/home/iris/Desktop/Workspaces/v9_workspace_bootloader/SafetyMCU_Bootloaders/include" --include_path="/home/iris/ti/Hercules/F021 Flash API/02.01.01/include" --include_path="/home/iris/Desktop/Workspaces/v9_workspace_bootloader/SafetyMCU_Bootloaders/HALCoGen/RM46/include" -g --diag_warning=225 --diag_wrap=off --display_error_number --enum_type=packed --abi=eabi --preproc_with_compile --preproc_dependency="source/bl_flash.d_raw" --obj_directory="source"  "/home/iris/Desktop/Workspaces/v9_workspace_bootloader/SafetyMCU_Bootloaders/source/bl_flash.c"
Finished building: "/home/iris/Desktop/Workspaces/v9_workspace_bootloader/SafetyMCU_Bootloaders/source/bl_flash.c"
 
Building file: "/home/iris/Desktop/Workspaces/v9_workspace_bootloader/SafetyMCU_Bootloaders/HALCoGen/RM46/source/system.c"
Invoking: ARM Compiler
"/home/iris/ti/ccs910/ccs/tools/compiler/ti-cgt-arm_18.12.2.LTS/bin/armcl" -mv7R4 --code_state=32 --float_support=VFPv3D16 -me --include_path="/home/iris/ti/ccs910/ccs/tools/compiler/ti-cgt-arm_18.12.2.LTS/include" --include_path="/home/iris/Desktop/Workspaces/v9_workspace_bootloader/SafetyMCU_Bootloaders/RM46Lx/rm46_can_boot" --include_path="/home/iris/Desktop/Workspaces/v9_workspace_bootloader/SafetyMCU_Bootloaders/include" --include_path="/home/iris/ti/Hercules/F021 Flash API/02.01.01/include" --include_path="/home/iris/Desktop/Workspaces/v9_workspace_bootloader/SafetyMCU_Bootloaders/HALCoGen/RM46/include" -g --diag_warning=225 --diag_wrap=off --display_error_number --enum_type=packed --abi=eabi --preproc_with_compile --preproc_dependency="RM46/source/system.d_raw" --obj_directory="RM46/source"  "/home/iris/Desktop/Workspaces/v9_workspace_bootloader/SafetyMCU_Bootloaders/HALCoGen/RM46/source/system.c"
Finished building: "/home/iris/Desktop/Workspaces/v9_workspace_bootloader/SafetyMCU_Bootloaders/HALCoGen/RM46/source/system.c"
 
Building file: "/home/iris/Desktop/Workspaces/v9_workspace_bootloader/SafetyMCU_Bootloaders/source/sw_hw_ver.c"
Invoking: ARM Compiler
"/home/iris/ti/ccs910/ccs/tools/compiler/ti-cgt-arm_18.12.2.LTS/bin/armcl" -mv7R4 --code_state=32 --float_support=VFPv3D16 -me --include_path="/home/iris/ti/ccs910/ccs/tools/compiler/ti-cgt-arm_18.12.2.LTS/include" --include_path="/home/iris/Desktop/Workspaces/v9_workspace_bootloader/SafetyMCU_Bootloaders/RM46Lx/rm46_can_boot" --include_path="/home/iris/Desktop/Workspaces/v9_workspace_bootloader/SafetyMCU_Bootloaders/include" --include_path="/home/iris/ti/Hercules/F021 Flash API/02.01.01/include" --include_path="/home/iris/Desktop/Workspaces/v9_workspace_bootloader/SafetyMCU_Bootloaders/HALCoGen/RM46/include" -g --diag_warning=225 --diag_wrap=off --display_error_number --enum_type=packed --abi=eabi --preproc_with_compile --preproc_dependency="source/sw_hw_ver.d_raw" --obj_directory="source"  "/home/iris/Desktop/Workspaces/v9_workspace_bootloader/SafetyMCU_Bootloaders/source/sw_hw_ver.c"
"/home/iris/Desktop/Workspaces/v9_workspace_bootloader/SafetyMCU_Bootloaders/source/sw_hw_ver.c", line 67: warning #225-D: function "UART_putString" declared implicitly
"/home/iris/Desktop/Workspaces/v9_workspace_bootloader/SafetyMCU_Bootloaders/source/sw_hw_ver.c", line 67: warning #194-D: unrecognized character escape sequence
"/home/iris/Desktop/Workspaces/v9_workspace_bootloader/SafetyMCU_Bootloaders/source/sw_hw_ver.c", line 85: warning #225-D: function "UART_putString" declared implicitly
"/home/iris/Desktop/Workspaces/v9_workspace_bootloader/SafetyMCU_Bootloaders/source/sw_hw_ver.c", line 85: warning #194-D: unrecognized character escape sequence
"/home/iris/Desktop/Workspaces/v9_workspace_bootloader/SafetyMCU_Bootloaders/source/sw_hw_ver.c", line 88: warning #225-D: function "UART_send32BitData" declared implicitly
Finished building: "/home/iris/Desktop/Workspaces/v9_workspace_bootloader/SafetyMCU_Bootloaders/source/sw_hw_ver.c"
 
Building file: "/home/iris/Desktop/Workspaces/v9_workspace_bootloader/SafetyMCU_Bootloaders/source/sci_common.c"
Invoking: ARM Compiler
"/home/iris/ti/ccs910/ccs/tools/compiler/ti-cgt-arm_18.12.2.LTS/bin/armcl" -mv7R4 --code_state=32 --float_support=VFPv3D16 -me --include_path="/home/iris/ti/ccs910/ccs/tools/compiler/ti-cgt-arm_18.12.2.LTS/include" --include_path="/home/iris/Desktop/Workspaces/v9_workspace_bootloader/SafetyMCU_Bootloaders/RM46Lx/rm46_can_boot" --include_path="/home/iris/Desktop/Workspaces/v9_workspace_bootloader/SafetyMCU_Bootloaders/include" --include_path="/home/iris/ti/Hercules/F021 Flash API/02.01.01/include" --include_path="/home/iris/Desktop/Workspaces/v9_workspace_bootloader/SafetyMCU_Bootloaders/HALCoGen/RM46/include" -g --diag_warning=225 --diag_wrap=off --display_error_number --enum_type=packed --abi=eabi --preproc_with_compile --preproc_dependency="source/sci_common.d_raw" --obj_directory="source"  "/home/iris/Desktop/Workspaces/v9_workspace_bootloader/SafetyMCU_Bootloaders/source/sci_common.c"
Finished building: "/home/iris/Desktop/Workspaces/v9_workspace_bootloader/SafetyMCU_Bootloaders/source/sci_common.c"
 
Building file: "/home/iris/Desktop/Workspaces/v9_workspace_bootloader/SafetyMCU_Bootloaders/source/bl_ymodem.c"
Invoking: ARM Compiler
"/home/iris/ti/ccs910/ccs/tools/compiler/ti-cgt-arm_18.12.2.LTS/bin/armcl" -mv7R4 --code_state=32 --float_support=VFPv3D16 -me --include_path="/home/iris/ti/ccs910/ccs/tools/compiler/ti-cgt-arm_18.12.2.LTS/include" --include_path="/home/iris/Desktop/Workspaces/v9_workspace_bootloader/SafetyMCU_Bootloaders/RM46Lx/rm46_can_boot" --include_path="/home/iris/Desktop/Workspaces/v9_workspace_bootloader/SafetyMCU_Bootloaders/include" --include_path="/home/iris/ti/Hercules/F021 Flash API/02.01.01/include" --include_path="/home/iris/Desktop/Workspaces/v9_workspace_bootloader/SafetyMCU_Bootloaders/HALCoGen/RM46/include" -g --diag_warning=225 --diag_wrap=off --display_error_number --enum_type=packed --abi=eabi --preproc_with_compile --preproc_dependency="source/bl_ymodem.d_raw" --obj_directory="source"  "/home/iris/Desktop/Workspaces/v9_workspace_bootloader/SafetyMCU_Bootloaders/source/bl_ymodem.c"
"/home/iris/Desktop/Workspaces/v9_workspace_bootloader/SafetyMCU_Bootloaders/source/bl_ymodem.c", line 122: warning #145-D: a value of type "void *" cannot be used to initialize an entity of type "unsigned char"
Finished building: "/home/iris/Desktop/Workspaces/v9_workspace_bootloader/SafetyMCU_Bootloaders/source/bl_ymodem.c"
 
Building file: "/home/iris/Desktop/Workspaces/v9_workspace_bootloader/SafetyMCU_Bootloaders/HALCoGen/RM46/source/sys_selftest.c"
Invoking: ARM Compiler
"/home/iris/ti/ccs910/ccs/tools/compiler/ti-cgt-arm_18.12.2.LTS/bin/armcl" -mv7R4 --code_state=32 --float_support=VFPv3D16 -me --include_path="/home/iris/ti/ccs910/ccs/tools/compiler/ti-cgt-arm_18.12.2.LTS/include" --include_path="/home/iris/Desktop/Workspaces/v9_workspace_bootloader/SafetyMCU_Bootloaders/RM46Lx/rm46_can_boot" --include_path="/home/iris/Desktop/Workspaces/v9_workspace_bootloader/SafetyMCU_Bootloaders/include" --include_path="/home/iris/ti/Hercules/F021 Flash API/02.01.01/include" --include_path="/home/iris/Desktop/Workspaces/v9_workspace_bootloader/SafetyMCU_Bootloaders/HALCoGen/RM46/include" -g --diag_warning=225 --diag_wrap=off --display_error_number --enum_type=packed --abi=eabi --preproc_with_compile --preproc_dependency="RM46/source/sys_selftest.d_raw" --obj_directory="RM46/source"  "/home/iris/Desktop/Workspaces/v9_workspace_bootloader/SafetyMCU_Bootloaders/HALCoGen/RM46/source/sys_selftest.c"
Finished building: "/home/iris/Desktop/Workspaces/v9_workspace_bootloader/SafetyMCU_Bootloaders/HALCoGen/RM46/source/sys_selftest.c"
 
Building target: "rm46_can_boot.out"
Invoking: ARM Linker
"/home/iris/ti/ccs910/ccs/tools/compiler/ti-cgt-arm_18.12.2.LTS/bin/armcl" -mv7R4 --code_state=32 --float_support=VFPv3D16 -me -g --diag_warning=225 --diag_wrap=off --display_error_number --enum_type=packed --abi=eabi -z -m"rm46_can_boot.map" --heap_size=0x800 --stack_size=0x800 -i"/home/iris/ti/ccs910/ccs/tools/compiler/ti-cgt-arm_18.12.2.LTS/lib" -i"/home/iris/ti/ccs910/ccs/tools/compiler/ti-cgt-arm_18.12.2.LTS/include" --reread_libs --diag_wrap=off --display_error_number --warn_sections --ecc=on --xml_link_info="rm46_can_boot_linkInfo.xml" --rom_model -o "rm46_can_boot.out" "./RM46/source/can.obj" "./RM46/source/dabort.obj" "./RM46/source/emac.obj" "./RM46/source/errata_SSWF021_45.obj" "./RM46/source/esm.obj" "./RM46/source/gio.obj" "./RM46/source/mdio.obj" "./RM46/source/notification.obj" "./RM46/source/phy_dp83640.obj" "./RM46/source/pinmux.obj" "./RM46/source/rti.obj" "./RM46/source/sci.obj" "./RM46/source/spi.obj" "./RM46/source/sys_core.obj" "./RM46/source/sys_dma.obj" "./RM46/source/sys_intvecs.obj" "./RM46/source/sys_mpu.obj" "./RM46/source/sys_pcr.obj" "./RM46/source/sys_phantom.obj" "./RM46/source/sys_pmm.obj" "./RM46/source/sys_pmu.obj" "./RM46/source/sys_selftest.obj" "./RM46/source/sys_startup.obj" "./RM46/source/sys_vim.obj" "./RM46/source/system.obj" "./source/Fapi_UserDefinedFunctions.obj" "./source/bl_check.obj" "./source/bl_copySections2SRAM.obj" "./source/bl_dcan.obj" "./source/bl_flash.obj" "./source/bl_led_demo.obj" "./source/bl_main.obj" "./source/bl_spi.obj" "./source/bl_spi_packet.obj" "./source/bl_uart.obj" "./source/bl_ymodem.obj" "./source/sci_common.obj" "./source/sw_hw_ver.obj" "./source/ymodem_crc16.obj" "/home/iris/Desktop/Workspaces/v9_workspace_bootloader/SafetyMCU_Bootloaders/RM46Lx/bl_link.cmd"  -l"/home/iris/ti/Hercules/F021 Flash API/02.01.01/F021_API_CortexR4_LE.lib" -lrtsv7R4_A_le_v3D16_eabi.lib 
<Linking>
Finished building target: "rm46_can_boot.out"
 
"/home/iris/ti/ccs910/ccs/utils/tiobj2bin/tiobj2bin.bat" "rm46_can_boot.out"
makefile:207: recipe for target 'post-build' failed
/bin/sh: 1: /home/iris/ti/ccs910/ccs/utils/tiobj2bin/tiobj2bin.bat: not found
gmake[2]: [post-build] Error 127 (ignored)
/bin/sh: 1: rm46_can_boot.bin: not found
gmake[2]: [post-build] Error 127 (ignored)
"rm46_can_boot.bin" "/home/iris/ti/ccs910/ccs/tools/compiler/ti-cgt-arm_18.12.2.LTS/bin/ofd470"
makefile:207: recipe for target 'post-build' failed
"/home/iris/ti/ccs910/ccs/tools/compiler/ti-cgt-arm_18.12.2.LTS/bin/hex470" "/home/iris/ti/ccs910/ccs/utils/tiobj2bin/mkhex4bin"
makefile:207: recipe for target 'post-build' failed
/bin/sh: 1: /home/iris/ti/ccs910/ccs/tools/compiler/ti-cgt-arm_18.12.2.LTS/bin/hex470: not found
gmake[2]: [post-build] Error 127 (ignored)
 

**** Build Finished ****
