
**** Build of configuration Debug for project MotorControl ****

/home/iris/ti/ccs910/ccs/utils/bin/gmake -k -j 8 all -O 
 
Building file: "../i2c.c"
Invoking: MSP430 Compiler
"/home/iris/ti/ccs910/ccs/tools/compiler/ti-cgt-msp430_18.12.2.LTS/bin/cl430" -vmspx --data_model=restricted -O2 --opt_for_speed=1 --use_hw_mpy=F5 --include_path="/home/iris/ti/ccs910/ccs/ccs_base/msp430/include" --include_path="/home/iris/Desktop/Working_Folders/UWB/CubeRoverPackage/Apps/FlightSoftware/MotorControl" --include_path="/home/iris/ti/ccs910/ccs/tools/compiler/ti-cgt-msp430_18.12.2.LTS/include" --include_path="/home/iris/ti/msp430ware_3_80_07_00/iqmathlib/include" --advice:power=all --advice:hw_config="all" --define=__MSP430FR5994__ --define=_MPU_ENABLE -g --printf_support=minimal --diag_warning=225 --diag_wrap=off --display_error_number --silicon_errata=CPU21 --silicon_errata=CPU22 --silicon_errata=CPU40 --preproc_with_compile --preproc_dependency="i2c.d_raw"  "../i2c.c"
 
>> Compilation failure
subdir_rules.mk:7: recipe for target 'i2c.obj' failed
"../i2c.h", line 4: fatal error #1965: cannot open source file "driverlib.h"
1 catastrophic error detected in the compilation of "../i2c.c".
Compilation terminated.
gmake: *** [i2c.obj] Error 1
"../bsp.c", line 2: fatal error #1965: cannot open source file "driverlib.h"
1 catastrophic error detected in the compilation of "../bsp.c".
Compilation terminated.
gmake: *** [bsp.obj] Error 1
"../main.h", line 6: fatal error #1965: cannot open source file "IQmathLib.h"
1 catastrophic error detected in the compilation of "../main.c".
Compilation terminated.
gmake: *** [main.obj] Error 1
Building file: "../bsp.c"
Invoking: MSP430 Compiler
"/home/iris/ti/ccs910/ccs/tools/compiler/ti-cgt-msp430_18.12.2.LTS/bin/cl430" -vmspx --data_model=restricted -O2 --opt_for_speed=1 --use_hw_mpy=F5 --include_path="/home/iris/ti/ccs910/ccs/ccs_base/msp430/include" --include_path="/home/iris/Desktop/Working_Folders/UWB/CubeRoverPackage/Apps/FlightSoftware/MotorControl" --include_path="/home/iris/ti/ccs910/ccs/tools/compiler/ti-cgt-msp430_18.12.2.LTS/include" --include_path="/home/iris/ti/msp430ware_3_80_07_00/iqmathlib/include" --advice:power=all --advice:hw_config="all" --define=__MSP430FR5994__ --define=_MPU_ENABLE -g --printf_support=minimal --diag_warning=225 --diag_wrap=off --display_error_number --silicon_errata=CPU21 --silicon_errata=CPU22 --silicon_errata=CPU40 --preproc_with_compile --preproc_dependency="bsp.d_raw"  "../bsp.c"
 
>> Compilation failure
subdir_rules.mk:7: recipe for target 'bsp.obj' failed
Building file: "../main.c"
Invoking: MSP430 Compiler
"/home/iris/ti/ccs910/ccs/tools/compiler/ti-cgt-msp430_18.12.2.LTS/bin/cl430" -vmspx --data_model=restricted -O2 --opt_for_speed=1 --use_hw_mpy=F5 --include_path="/home/iris/ti/ccs910/ccs/ccs_base/msp430/include" --include_path="/home/iris/Desktop/Working_Folders/UWB/CubeRoverPackage/Apps/FlightSoftware/MotorControl" --include_path="/home/iris/ti/ccs910/ccs/tools/compiler/ti-cgt-msp430_18.12.2.LTS/include" --include_path="/home/iris/ti/msp430ware_3_80_07_00/iqmathlib/include" --advice:power=all --advice:hw_config="all" --define=__MSP430FR5994__ --define=_MPU_ENABLE -g --printf_support=minimal --diag_warning=225 --diag_wrap=off --display_error_number --silicon_errata=CPU21 --silicon_errata=CPU22 --silicon_errata=CPU40 --preproc_with_compile --preproc_dependency="main.d_raw"  "../main.c"
 
>> Compilation failure
subdir_rules.mk:7: recipe for target 'main.obj' failed
gmake: Target 'all' not remade because of errors.

**** Build Finished ****
