make all --print-data-base --no-builtin-variables --no-builtin-rules --question
# GNU Make 3.81
# Copyright (C) 2006  Free Software Foundation, Inc.
# This is free software; see the source for copying conditions.
# There is NO warranty; not even for MERCHANTABILITY or FITNESS FOR A
# PARTICULAR PURPOSE.

# This program built for i386-apple-darwin11.3.0

# Make data base, printed on Sat Jul  9 10:14:15 2022

# Variables

# automatic
<D = $(patsubst %/,%,$(dir $<))
# automatic
?F = $(notdir $?)
# environment
VSCODE_LOG_NATIVE = false
# automatic
?D = $(patsubst %/,%,$(dir $?))
# environment
PLATFORMIO_IDE = 2.5.0
# automatic
@D = $(patsubst %/,%,$(dir $@))
# automatic
@F = $(notdir $@)
# makefile
CURDIR := /Users/connorcolombo/Documents/PKBACK/GitHub/CubeRoverPackage/Apps/GroundSoftware
# makefile
SHELL = /bin/sh
# environment
VSCODE_NLS_CONFIG = {"locale":"en-us","availableLanguages":{},"_languagePackSupport":true}
# environment
_ = /usr/bin/make
# makefile (from `makefile', line 1)
MAKEFILE_LIST :=  makefile
# makefile (from `makefile', line 7)
.PHONY = help init update clean run cloc
# environment
VSCODE_VERBOSE_LOGGING = true
# makefile (from `makefile', line 5)
VENV_NAME = py_irisbackendv3
# environment
__CFBundleIdentifier = com.microsoft.VSCode
# environment
VSCODE_IPC_HOOK_EXTHOST = /var/folders/44/s4c635957kj582ykvhndm9w00000gn/T/vscode-ipc-9d93a7d6-8aef-407f-8983-4f993677ba40.sock
# environment
VSCODE_CWD = /
# environment
NO_PROXY = 127.0.0.1
# environment
LaunchInstanceID = 3A3B5B94-6617-4414-ADE3-FDF929060372
# environment
VSCODE_LOG_STACK = false
# environment
ELECTRON_RUN_AS_NODE = 1
# environment
PYENV_ROOT = /Users/connorcolombo/.pyenv
# default
.FEATURES := target-specific order-only second-expansion else-if archives jobserver check-symlink
# environment
SSH_AUTH_SOCK = /private/tmp/com.apple.launchd.y0QI5dMgC8/Listeners
# automatic
%F = $(notdir $%)
# environment
DISPLAY = /private/tmp/com.apple.launchd.7BnJXMRtaJ/org.macosforge.xquartz:0
# environment
CONDA_EXE = /Users/connorcolombo/opt/anaconda3/bin/conda
# environment
VSCODE_PIPE_LOGGING = true
# environment
PWD = /Users/connorcolombo/Documents/PKBACK/GitHub/CubeRoverPackage/Apps/GroundSoftware
# makefile (from `makefile', line 4)
PYTHONVERSION = 3.8.5
# environment
ORIGINAL_XDG_CURRENT_DESKTOP = undefined
# makefile (from `makefile', line 3)
PYTHON = python
# environment
VSCODE_AMD_ENTRYPOINT = vs/workbench/api/node/extensionHostProcess
# environment
PYENV_SHELL = zsh
# environment
HOME = /Users/connorcolombo
# default
MAKEFILEPATH = $(shell /usr/bin/xcode-select -print-path 2>/dev/null || echo /Developer)/Makefiles
# environment
VSCODE_CODE_CACHE_PATH = /Users/connorcolombo/Library/Application Support/Code/CachedData/30d9c6cd9483b2cc586687151bcbcd635f373630
# environment
LOGNAME = connorcolombo
# environment
APPLICATION_INSIGHTS_NO_DIAGNOSTIC_CHANNEL = true
# environment
CONDA_PROMPT_MODIFIER = (base) 
# environment
VSCODE_HANDLES_UNCAUGHT_ERRORS = true
# automatic
^D = $(patsubst %/,%,$(dir $^))
# environment
CONDA_DEFAULT_ENV = base
# environment
PLATFORMIO_PATH = /Users/connorcolombo/.platformio/penv/bin:/Users/connorcolombo/.platformio/penv:/Users/connorcolombo/.platformio/python3/bin:/Users/connorcolombo/.pyenv/bin:/Users/connorcolombo/opt/anaconda3/bin:/Users/connorcolombo/opt/anaconda3/condabin:/Library/Frameworks/Python.framework/Versions/3.8/bin:/usr/local/bin:/usr/bin:/bin:/usr/sbin:/sbin:/Library/TeX/texbin:/usr/local/go/bin:/Applications/Pololu Jrk G2.app/Contents/MacOS:/opt/X11/bin:/Library/Frameworks/Mono.framework/Versions/Current/Commands:/Users/connorcolombo/.pyenv/plugins/pyenv-virtualenv/shims:/Users/connorcolombo/.pyenv/shims:/Users/connorcolombo/.pyenv/bin
# default
MAKE = $(MAKE_COMMAND)
# default
MAKECMDGOALS := all
# environment
PATH = /Users/connorcolombo/.pyenv/bin:/Users/connorcolombo/opt/anaconda3/bin:/Users/connorcolombo/opt/anaconda3/condabin:/Library/Frameworks/Python.framework/Versions/3.8/bin:/usr/local/bin:/usr/bin:/bin:/usr/sbin:/sbin:/Library/TeX/texbin:/usr/local/go/bin:/Applications/Pololu Jrk G2.app/Contents/MacOS:/opt/X11/bin:/Library/Frameworks/Mono.framework/Versions/Current/Commands:/Users/connorcolombo/.pyenv/plugins/pyenv-virtualenv/shims:/Users/connorcolombo/.pyenv/shims:/Users/connorcolombo/.pyenv/bin
# environment
SHLVL = 1
# environment
XPC_FLAGS = 0x0
# default
MAKE_VERSION := 3.81
# environment
USER = connorcolombo
# makefile (from `makefile', line 9)
.DEFAULT_GOAL = help
# automatic
%D = $(patsubst %/,%,$(dir $%))
# environment
CONDA_SHLVL = 1
# default
MAKE_COMMAND := /Library/Developer/CommandLineTools/usr/bin/make
# default
.VARIABLES := 
# environment
TMPDIR = /var/folders/44/s4c635957kj582ykvhndm9w00000gn/T/
# automatic
*F = $(notdir $*)
# environment
VSCODE_IPC_HOOK = /Users/connorcolombo/Library/Application Support/Code/1.68.1-main.sock
# makefile
MAKEFLAGS = Rrqp
# environment
MFLAGS = -Rrqp
# automatic
*D = $(patsubst %/,%,$(dir $*))
# environment
XPC_SERVICE_NAME = application.com.microsoft.VSCode.134592112.134592124
# automatic
+D = $(patsubst %/,%,$(dir $+))
# automatic
+F = $(notdir $+)
# environment
__CF_USER_TEXT_ENCODING = 0x1F5:0x0:0x0
# environment
COMMAND_MODE = unix2003
# default
MAKEFILES := 
# automatic
<F = $(notdir $<)
# environment
PLATFORMIO_CALLER = vscode
# environment
LC_ALL = C
# environment
CONDA_PYTHON_EXE = /Users/connorcolombo/opt/anaconda3/bin/python
# environment
SECURITYSESSIONID = 186ab
# automatic
^F = $(notdir $^)
# default
SUFFIXES := 
# environment
_CE_M = 
# environment
PYENV_VIRTUALENV_INIT = 1
# default
.INCLUDE_DIRS = /usr/local/include
# environment
MAKELEVEL := 0
# environment
CONDA_PREFIX = /Users/connorcolombo/opt/anaconda3
# environment
VSCODE_PID = 1423
# environment
_CE_CONDA = 
# environment
LANG = C
# variable set hash-table stats:
# Load=84/1024=8%, Rehash=0, Collisions=4/113=4%

# Pattern-specific Variable Values

# No pattern-specific variable values.

# Directories

# . (device 16777220, inode 297969): 63 files, no impossibilities.

# 63 files, no impossibilities in 1 directories.

# Implicit Rules

# No implicit rules.

# Files

all: help
#  Command-line target.
#  Implicit rule search has been done.
#  File does not exist.
#  File has been updated.
#  Needs to be updated (-q is set).
# variable set hash-table stats:
# Load=0/32=0%, Rehash=0, Collisions=0/2=0%

# Not a target:
.SUFFIXES:
#  Implicit rule search has not been done.
#  Modification time never checked.
#  File has not been updated.

update:
#  Implicit rule search has not been done.
#  Modification time never checked.
#  File has not been updated.
#  commands to execute (from `makefile', line 52):
	pyenv exec ${PYTHON} -m pip install -r requirements.txt;
	

# Not a target:
makefile:
#  Implicit rule search has been done.
#  Last modified 2021-11-08 10:53:45
#  File has been updated.
#  Successfully updated.
# variable set hash-table stats:
# Load=0/32=0%, Rehash=0, Collisions=0/0=0%

help:
#  Implicit rule search has not been done.
#  Implicit/static pattern stem: `'
#  File does not exist.
#  File has been updated.
#  Needs to be updated (-q is set).
# automatic
# @ := help
# automatic
# % := 
# automatic
# * := 
# automatic
# + := 
# automatic
# | := 
# automatic
# < := 
# automatic
# ^ := 
# automatic
# ? := 
# variable set hash-table stats:
# Load=8/32=25%, Rehash=0, Collisions=1/10=10%
#  commands to execute (from `makefile', line 13):
	@echo "---- Iris Backend v3 Makefile ----"
	@echo "	make help: Information"
	@echo " "
	@echo "	make init: Clean and resetup the project on a *new* system"
	@echo "	make update: Install any new dependencies and update existing dependencies"
	@echo " "
	@echo "	make clean: Teardown and Cleanup the Development Environment"
	@echo " "
	@echo "	make run: Run the application (in development mode)"
	@echo " "
	@echo "	make cloc: Count Lines Of Code (and comments) by language, excluding builds and libraries."
	@echo "----------------------------------"
	

# Not a target:
.DEFAULT:
#  Implicit rule search has not been done.
#  Modification time never checked.
#  File has not been updated.

run:
#  Implicit rule search has not been done.
#  Modification time never checked.
#  File has not been updated.
 
#  commands to execute (from `makefile', line 72):
	pyenv exec ${PYTHON} IrisBackendv3/main.py
	

clean:
#  Implicit rule search has not been done.
#  Modification time never checked.
#  File has not been updated.
#  commands to execute (from `makefile', line 58):
	# Remove virtual environment:
	eval "$$(pyenv init -)"; \
	eval "$$(pyenv virtualenv-init -)"; \
	pyenv deactivate; \
	pyenv local system; \
	pyenv local ${VENV_NAME}; \
	pyenv_version="$$(pyenv version-name)"; \
	if [ $$pyenv_version == "${VENV_NAME}" ]; then yes | pyenv virtualenv-delete ${VENV_NAME}; fi
	pyenv local system;
	

init:
#  Implicit rule search has not been done.
#  Modification time never checked.
#  File has not been updated.
#  commands to execute (from `makefile', line 31):
	# Cleanup first:
	make clean
	# Load the correct version of python and setup the virtual environment:
	eval "$$(pyenv init -)"; \
	eval "$$(pyenv virtualenv-init -)"; \
	pyenv local ${PYTHONVERSION}; \
	pyenv_version="$$(pyenv version-name)"; \
	if [ $$pyenv_version != "${PYTHONVERSION}" ]; then pyenv install ${PYTHONVERSION}; fi; \
	pyenv virtualenv ${PYTHONVERSION} ${VENV_NAME}; \
	pyenv local ${VENV_NAME}; \
	echo "$$(pyenv versions)"; \
	pyenv activate ${VENV_NAME};
	# Install pip dependencies:
	make update
	

cloc:
#  Implicit rule search has not been done.
#  Modification time never checked.
#  File has not been updated.
#  commands to execute (from `makefile', line 78):
	cloc --exclude-dir=__pycache__,node_modules,.idea,.mypy_cache,.pytest_cache .
	

# files hash-table stats:
# Load=10/1024=1%, Rehash=0, Collisions=0/25=0%
# VPATH Search Paths

# No `vpath' search paths.

# No general (`VPATH' variable) search path.

# # of strings in strcache: 1
# # of strcache buffers: 1
# strcache size: total = 4096 / max = 4096 / min = 4096 / avg = 4096
# strcache free: total = 4087 / max = 4087 / min = 4087 / avg = 4087

# Finished Make data base on Sat Jul  9 10:14:15 2022

 
