2023-10-22 15:32:09,606: NOTICE   IRIS Lunar Rover - UplinkProcessor - IPC App Started
2023-10-23 02:13:50,146: VERBOSE  Got Uplink Payloads Request: `IPM(content = UplinkPayloadsRequestContent(payloads=[WatchDogInterface_ResetSpecific(0x1000)[reset_value=REQUEST_STATUS_REPORT]], split=<UplinkPayloadsPacketSplit.INDIVIDUAL: 1>, packet_class=<class 'IrisBackendv3.codec.packet_classes.iris_common.IrisCommonPacket'>, target_xcvr=<TransceiverEnum.ALL: None>))`.
2023-10-23 02:13:50,155: NOTICE   Successfully sent Uplink Packet Request: `IPM(content = UplinkPacketRequestContent(packet=ICP[#0::10]: 	0 T	- 0 E	- 0 B	- 1 C, target_xcvr=<TransceiverEnum.ALL: None>))`.
2023-10-23 02:19:54,909: VERBOSE  Got Uplink Payloads Request: `IPM(content = UplinkPayloadsRequestContent(payloads=[Camera_TakeImageSectionAdv(0x11A2)[camera_num=0, start_line=486, end_line=789, callback_id=0, erase_first=True, n_bin=7, compress_line=True]], split=<UplinkPayloadsPacketSplit.INDIVIDUAL: 1>, packet_class=<class 'IrisBackendv3.codec.packet_classes.iris_common.IrisCommonPacket'>, target_xcvr=<TransceiverEnum.ALL: None>))`.
2023-10-23 02:19:54,914: NOTICE   Successfully sent Uplink Packet Request: `IPM(content = UplinkPacketRequestContent(packet=ICP[#0::16]: 	0 T	- 0 E	- 0 B	- 1 C, target_xcvr=<TransceiverEnum.ALL: None>))`.
2023-10-23 02:20:48,975: VERBOSE  Got Uplink Payloads Request: `IPM(content = UplinkPayloadsRequestContent(payloads=[Camera_TakeImageSectionAdv(0x11A2)[camera_num=0, start_line=486, end_line=789, callback_id=0, erase_first=True, n_bin=7, compress_line=True]], split=<UplinkPayloadsPacketSplit.INDIVIDUAL: 1>, packet_class=<class 'IrisBackendv3.codec.packet_classes.iris_common.IrisCommonPacket'>, target_xcvr=<TransceiverEnum.ALL: None>))`.
2023-10-23 02:20:48,978: NOTICE   Successfully sent Uplink Packet Request: `IPM(content = UplinkPacketRequestContent(packet=ICP[#0::16]: 	0 T	- 0 E	- 0 B	- 1 C, target_xcvr=<TransceiverEnum.ALL: None>))`.
2023-10-23 02:23:02,954: VERBOSE  Got Uplink Payloads Request: `IPM(content = UplinkPayloadsRequestContent(payloads=[MotorControl_McSpinConfigured(0x0E21)[motor_id=9, dir=0, raw_ticks=10000, percent_speed=100]], split=<UplinkPayloadsPacketSplit.INDIVIDUAL: 1>, packet_class=<class 'IrisBackendv3.codec.packet_classes.iris_common.IrisCommonPacket'>, target_xcvr=<TransceiverEnum.ALL: None>))`.
2023-10-23 02:23:02,957: NOTICE   Successfully sent Uplink Packet Request: `IPM(content = UplinkPacketRequestContent(packet=ICP[#0::13]: 	0 T	- 0 E	- 0 B	- 1 C, target_xcvr=<TransceiverEnum.ALL: None>))`.
2023-10-23 02:23:51,158: VERBOSE  Got Uplink Payloads Request: `IPM(content = UplinkPayloadsRequestContent(payloads=[MotorControl_McSpinConfigured(0x0E21)[motor_id=9, dir=0, raw_ticks=10000, percent_speed=100]], split=<UplinkPayloadsPacketSplit.INDIVIDUAL: 1>, packet_class=<class 'IrisBackendv3.codec.packet_classes.iris_common.IrisCommonPacket'>, target_xcvr=<TransceiverEnum.ALL: None>))`.
2023-10-23 02:23:51,161: NOTICE   Successfully sent Uplink Packet Request: `IPM(content = UplinkPacketRequestContent(packet=ICP[#0::13]: 	0 T	- 0 E	- 0 B	- 1 C, target_xcvr=<TransceiverEnum.ALL: None>))`.
2023-10-23 02:24:12,560: VERBOSE  Got Uplink Payloads Request: `IPM(content = UplinkPayloadsRequestContent(payloads=[MotorControl_McSpinConfigured(0x0E21)[motor_id=6, dir=1, raw_ticks=10000, percent_speed=100]], split=<UplinkPayloadsPacketSplit.INDIVIDUAL: 1>, packet_class=<class 'IrisBackendv3.codec.packet_classes.iris_common.IrisCommonPacket'>, target_xcvr=<TransceiverEnum.ALL: None>))`.
2023-10-23 02:24:12,563: NOTICE   Successfully sent Uplink Packet Request: `IPM(content = UplinkPacketRequestContent(packet=ICP[#0::13]: 	0 T	- 0 E	- 0 B	- 1 C, target_xcvr=<TransceiverEnum.ALL: None>))`.
2023-10-23 02:24:26,548: VERBOSE  Got Uplink Payloads Request: `IPM(content = UplinkPayloadsRequestContent(payloads=[MotorControl_McSpinConfigured(0x0E21)[motor_id=9, dir=1, raw_ticks=10000, percent_speed=100]], split=<UplinkPayloadsPacketSplit.INDIVIDUAL: 1>, packet_class=<class 'IrisBackendv3.codec.packet_classes.iris_common.IrisCommonPacket'>, target_xcvr=<TransceiverEnum.ALL: None>))`.
2023-10-23 02:24:26,550: NOTICE   Successfully sent Uplink Packet Request: `IPM(content = UplinkPacketRequestContent(packet=ICP[#0::13]: 	0 T	- 0 E	- 0 B	- 1 C, target_xcvr=<TransceiverEnum.ALL: None>))`.
2023-10-23 02:25:07,320: VERBOSE  Got Uplink Payloads Request: `IPM(content = UplinkPayloadsRequestContent(payloads=[Camera_ReadImageSectionAdv(0x11A3)[start_line=486, end_line=789, n_bin=2, compress_line=False]], split=<UplinkPayloadsPacketSplit.INDIVIDUAL: 1>, packet_class=<class 'IrisBackendv3.codec.packet_classes.iris_common.IrisCommonPacket'>, target_xcvr=<TransceiverEnum.ALL: None>))`.
2023-10-23 02:25:07,322: NOTICE   Successfully sent Uplink Packet Request: `IPM(content = UplinkPacketRequestContent(packet=ICP[#0::12]: 	0 T	- 0 E	- 0 B	- 1 C, target_xcvr=<TransceiverEnum.ALL: None>))`.
2023-10-23 09:03:45,356: VERBOSE  Got Uplink Payloads Request: `IPM(content = UplinkPayloadsRequestContent(payloads=[Camera_TakeImageSectionAdv(0x11A2)[camera_num=1, start_line=486, end_line=789, callback_id=0, erase_first=True, n_bin=7, compress_line=True]], split=<UplinkPayloadsPacketSplit.INDIVIDUAL: 1>, packet_class=<class 'IrisBackendv3.codec.packet_classes.iris_common.IrisCommonPacket'>, target_xcvr=<TransceiverEnum.ALL: None>))`.
2023-10-23 09:03:45,362: NOTICE   Successfully sent Uplink Packet Request: `IPM(content = UplinkPacketRequestContent(packet=ICP[#0::16]: 	0 T	- 0 E	- 0 B	- 1 C, target_xcvr=<TransceiverEnum.ALL: None>))`.
2023-10-23 09:05:55,806: VERBOSE  Got Uplink Payloads Request: `IPM(content = UplinkPayloadsRequestContent(payloads=[Camera_TakeImageSectionAdv(0x11A2)[camera_num=1, start_line=486, end_line=789, callback_id=0, erase_first=True, n_bin=3, compress_line=False]], split=<UplinkPayloadsPacketSplit.INDIVIDUAL: 1>, packet_class=<class 'IrisBackendv3.codec.packet_classes.iris_common.IrisCommonPacket'>, target_xcvr=<TransceiverEnum.ALL: None>))`.
2023-10-23 09:05:55,810: NOTICE   Successfully sent Uplink Packet Request: `IPM(content = UplinkPacketRequestContent(packet=ICP[#0::16]: 	0 T	- 0 E	- 0 B	- 1 C, target_xcvr=<TransceiverEnum.ALL: None>))`.
2023-10-23 09:08:18,598: VERBOSE  Got Uplink Payloads Request: `IPM(content = UplinkPayloadsRequestContent(payloads=[Camera_ReadImageSectionAdv(0x11A3)[start_line=486, end_line=900, n_bin=3, compress_line=False]], split=<UplinkPayloadsPacketSplit.INDIVIDUAL: 1>, packet_class=<class 'IrisBackendv3.codec.packet_classes.iris_common.IrisCommonPacket'>, target_xcvr=<TransceiverEnum.ALL: None>))`.
2023-10-23 09:08:18,601: NOTICE   Successfully sent Uplink Packet Request: `IPM(content = UplinkPacketRequestContent(packet=ICP[#0::12]: 	0 T	- 0 E	- 0 B	- 1 C, target_xcvr=<TransceiverEnum.ALL: None>))`.
2023-10-23 09:12:59,446: VERBOSE  Got Uplink Payloads Request: `IPM(content = UplinkPayloadsRequestContent(payloads=[Camera_ReadImageSectionAdv(0x11A3)[start_line=486, end_line=900, n_bin=4, compress_line=False]], split=<UplinkPayloadsPacketSplit.INDIVIDUAL: 1>, packet_class=<class 'IrisBackendv3.codec.packet_classes.iris_common.IrisCommonPacket'>, target_xcvr=<TransceiverEnum.ALL: None>))`.
2023-10-23 09:12:59,450: NOTICE   Successfully sent Uplink Packet Request: `IPM(content = UplinkPacketRequestContent(packet=ICP[#0::12]: 	0 T	- 0 E	- 0 B	- 1 C, target_xcvr=<TransceiverEnum.ALL: None>))`.
