2023-10-23 00:54:11,660: NOTICE   IRIS Lunar Rover - GdsGui - IPC App Started
2023-10-23 00:54:11,670: INFO     Creating database keys . . .
2023-10-23 00:54:11,842: INFO     Creating/altering time series policies . . .
2023-10-23 00:54:11,844: VERBOSE  Altering time series policies for ts:BlockDriver_BdCycles...
2023-10-23 00:54:11,846: VERBOSE  Altering time series policies for ts:ActiveRateGroup-RateGroupLowFreq_RgMaxTime...
2023-10-23 00:54:11,846: VERBOSE  Altering time series policies for ts:ActiveRateGroup-RateGroupLowFreq_RgCycleSlips...
2023-10-23 00:54:11,846: VERBOSE  Altering time series policies for ts:ActiveRateGroup-RateGroupMedFreq_RgMaxTime...
2023-10-23 00:54:11,847: VERBOSE  Altering time series policies for ts:ActiveRateGroup-RateGroupMedFreq_RgCycleSlips...
2023-10-23 00:54:11,847: VERBOSE  Altering time series policies for ts:ActiveRateGroup-RateGroupHiFreq_RgMaxTime...
2023-10-23 00:54:11,856: VERBOSE  Altering time series policies for ts:ActiveRateGroup-RateGroupHiFreq_RgCycleSlips...
2023-10-23 00:54:11,856: VERBOSE  Altering time series policies for ts:CommandDispatcher_CommandsDispatched...
2023-10-23 00:54:11,857: VERBOSE  Altering time series policies for ts:CommandDispatcher_CommandErrors...
2023-10-23 00:54:11,857: VERBOSE  Altering time series policies for ts:GroundInterface_GiUplinkSeqNum...
2023-10-23 00:54:11,857: VERBOSE  Altering time series policies for ts:GroundInterface_GiDownlinkSeqNum...
2023-10-23 00:54:11,858: VERBOSE  Altering time series policies for ts:GroundInterface_GiPacketsReceived...
2023-10-23 00:54:11,858: VERBOSE  Altering time series policies for ts:GroundInterface_GiPacketsTransmitted...
2023-10-23 00:54:11,858: VERBOSE  Altering time series policies for ts:GroundInterface_GiTlmItemsReceived...
2023-10-23 00:54:11,858: VERBOSE  Altering time series policies for ts:GroundInterface_GiTlmItemsDownlinked...
2023-10-23 00:54:11,859: VERBOSE  Altering time series policies for ts:GroundInterface_GiLogsReceived...
2023-10-23 00:54:11,859: VERBOSE  Altering time series policies for ts:GroundInterface_GiLogsDownlinked...
2023-10-23 00:54:11,859: VERBOSE  Altering time series policies for ts:GroundInterface_GiCmdsUplinked...
2023-10-23 00:54:11,860: VERBOSE  Altering time series policies for ts:GroundInterface_GiCmdsSent...
2023-10-23 00:54:11,860: VERBOSE  Altering time series policies for ts:GroundInterface_GiUplinkPktErrs...
2023-10-23 00:54:11,860: VERBOSE  Altering time series policies for ts:GroundInterface_GiAppBytesReceived...
2023-10-23 00:54:11,861: VERBOSE  Altering time series policies for ts:GroundInterface_GiAppBytesDownlinked...
2023-10-23 00:54:11,861: VERBOSE  Altering time series policies for ts:NetworkManager_Rssi...
2023-10-23 00:54:11,861: VERBOSE  Altering time series policies for ts:NetworkManager_NumCompleteDirectMessages...
2023-10-23 00:54:11,862: VERBOSE  Altering time series policies for ts:NetworkManager_PktRecv...
2023-10-23 00:54:11,862: VERBOSE  Altering time series policies for ts:NetworkManager_PktSent...
2023-10-23 00:54:11,862: VERBOSE  Altering time series policies for ts:NetworkManager_WifiStateStatus...
2023-10-23 00:54:11,862: VERBOSE  Altering time series policies for ts:MotorControl_McflEncoderTicks...
2023-10-23 00:54:11,863: VERBOSE  Altering time series policies for ts:MotorControl_McflCurrent...
2023-10-23 00:54:11,863: VERBOSE  Altering time series policies for ts:MotorControl_McfrEncoderTicks...
2023-10-23 00:54:11,863: VERBOSE  Altering time series policies for ts:MotorControl_McfrCurrent...
2023-10-23 00:54:11,863: VERBOSE  Altering time series policies for ts:MotorControl_McrrEncoderTicks...
2023-10-23 00:54:11,864: VERBOSE  Altering time series policies for ts:MotorControl_McrrCurrent...
2023-10-23 00:54:11,864: VERBOSE  Altering time series policies for ts:MotorControl_McrlEncoderTicks...
2023-10-23 00:54:11,864: VERBOSE  Altering time series policies for ts:MotorControl_McrlCurrent...
2023-10-23 00:54:11,864: VERBOSE  Altering time series policies for ts:MotorControl_McflStatus...
2023-10-23 00:54:11,865: VERBOSE  Altering time series policies for ts:MotorControl_McfrStatus...
2023-10-23 00:54:11,865: VERBOSE  Altering time series policies for ts:MotorControl_McrrStatus...
2023-10-23 00:54:11,865: VERBOSE  Altering time series policies for ts:MotorControl_McrlStatus...
2023-10-23 00:54:11,866: VERBOSE  Altering time series policies for ts:Imu_XAcc...
2023-10-23 00:54:11,866: VERBOSE  Altering time series policies for ts:Imu_YAcc...
2023-10-23 00:54:11,866: VERBOSE  Altering time series policies for ts:Imu_ZAcc...
2023-10-23 00:54:11,867: VERBOSE  Altering time series policies for ts:Imu_XAng...
2023-10-23 00:54:11,867: VERBOSE  Altering time series policies for ts:Imu_YAng...
2023-10-23 00:54:11,867: VERBOSE  Altering time series policies for ts:Imu_ZAng...
2023-10-23 00:54:11,867: VERBOSE  Altering time series policies for ts:WatchDogInterface_Voltage28V...
2023-10-23 00:54:11,868: VERBOSE  Altering time series policies for ts:WatchDogInterface_Batterythermistor...
2023-10-23 00:54:11,868: VERBOSE  Altering time series policies for ts:WatchDogInterface_Therm0...
2023-10-23 00:54:11,868: VERBOSE  Altering time series policies for ts:WatchDogInterface_Therm1...
2023-10-23 00:54:11,868: VERBOSE  Altering time series policies for ts:WatchDogInterface_Therm2...
2023-10-23 00:54:11,868: VERBOSE  Altering time series policies for ts:WatchDogInterface_Therm3...
2023-10-23 00:54:11,869: VERBOSE  Altering time series policies for ts:WatchDogInterface_Therm4...
2023-10-23 00:54:11,869: VERBOSE  Altering time series policies for ts:WatchDogInterface_Therm5...
2023-10-23 00:54:11,869: VERBOSE  Altering time series policies for ts:WatchDogInterface_Therm6...
2023-10-23 00:54:11,869: VERBOSE  Altering time series policies for ts:WatchDogInterface_Therm7...
2023-10-23 00:54:11,870: VERBOSE  Altering time series policies for ts:WatchDogInterface_Therm8...
2023-10-23 00:54:11,870: VERBOSE  Altering time series policies for ts:WatchDogInterface_Therm9...
2023-10-23 00:54:11,870: VERBOSE  Altering time series policies for ts:WatchDogInterface_Therm10...
2023-10-23 00:54:11,870: VERBOSE  Altering time series policies for ts:WatchDogInterface_Therm11...
2023-10-23 00:54:11,871: VERBOSE  Altering time series policies for ts:WatchDogInterface_Therm12...
2023-10-23 00:54:11,871: VERBOSE  Altering time series policies for ts:WatchDogInterface_Therm13...
2023-10-23 00:54:11,871: VERBOSE  Altering time series policies for ts:WatchDogInterface_Therm14...
2023-10-23 00:54:11,871: VERBOSE  Altering time series policies for ts:WatchDogInterface_Therm15...
2023-10-23 00:54:11,872: VERBOSE  Altering time series policies for ts:Camera_CamComponentImagesRequested...
2023-10-23 00:54:11,872: VERBOSE  Altering time series policies for ts:Camera_CamCommandImagesRequested...
2023-10-23 00:54:11,872: VERBOSE  Altering time series policies for ts:Camera_CamImagesSent...
2023-10-23 00:54:11,873: VERBOSE  Altering time series policies for ts:Camera_CamBytesSent...
2023-10-23 00:54:11,873: VERBOSE  Altering time series policies for ts:Camera_CamLatestCallbackId...
2023-10-23 00:54:11,874: VERBOSE  Altering time series policies for ts:Peregrine_IrisOperationalEnabledFet...
2023-10-23 00:54:11,874: VERBOSE  Altering time series policies for ts:Peregrine_IrisReleaseEnabledFet...
2023-10-23 00:54:11,874: VERBOSE  Altering time series policies for ts:Peregrine_IrisOperationalAvgCurrent...
2023-10-23 00:54:11,874: VERBOSE  Altering time series policies for ts:Peregrine_IrisReleaseAvgCurrent...
2023-10-23 00:54:11,875: VERBOSE  Altering time series policies for ts:Peregrine_IrisOperationalMaxCurrent...
2023-10-23 00:54:11,875: VERBOSE  Altering time series policies for ts:Peregrine_IrisReleaseMaxCurrent...
2023-10-23 00:54:11,875: VERBOSE  Altering time series policies for ts:Peregrine_SlipServiceStatus...
2023-10-23 00:54:11,875: VERBOSE  Altering time series policies for ts:Peregrine_WifiServiceStatus...
2023-10-23 00:54:11,876: VERBOSE  Altering time series policies for ts:Peregrine_DeckD1TempKelvin...
2023-10-23 00:54:11,876: VERBOSE  Altering time series policies for ts:Peregrine_DeckD2TempKelvin...
2023-10-23 00:54:11,876: VERBOSE  Altering time series policies for ts:Peregrine_DeckD3TempKelvin...
2023-10-23 00:54:11,877: VERBOSE  Altering time series policies for ts:Peregrine_IrisOperationalAvgPower...
2023-10-23 00:54:11,877: VERBOSE  Altering time series policies for ts:RadioGround_Rssi...
2023-10-23 00:54:11,877: VERBOSE  Altering time series policies for ts:RadioGround_StateAbbr...
2023-10-23 00:54:11,877: VERBOSE  Altering time series policies for ts:RadioGround_UptimeTicks...
2023-10-23 00:54:11,878: VERBOSE  Altering time series policies for ts:RadioGround_UptimeMs...
2023-10-23 00:54:11,878: VERBOSE  Altering time series policies for ts:RadioGround_UdpRxPacketCount...
2023-10-23 00:54:11,878: VERBOSE  Altering time series policies for ts:RadioGround_BadHercPacketCount...
2023-10-23 00:54:11,878: VERBOSE  Altering time series policies for ts:RadioGround_HerculesUdpInterlockCountingSemaphore...
2023-10-23 00:54:11,879: VERBOSE  Altering time series policies for ts:WatchdogHeartbeatTvac_AdcTempRaw...
2023-10-23 00:54:11,879: VERBOSE  Altering time series policies for ts:WatchdogHeartbeatTvac_AdcTempKelvin...
2023-10-23 00:54:11,879: VERBOSE  Altering time series policies for ts:WatchdogHeartbeatTvac_ChargeRaw...
2023-10-23 00:54:11,879: VERBOSE  Altering time series policies for ts:WatchdogHeartbeatTvac_ChargeMah...
2023-10-23 00:54:11,880: VERBOSE  Altering time series policies for ts:WatchdogHeartbeatTvac_VoltageRaw...
2023-10-23 00:54:11,880: VERBOSE  Altering time series policies for ts:WatchdogHeartbeatTvac_Voltage...
2023-10-23 00:54:11,880: VERBOSE  Altering time series policies for ts:WatchdogHeartbeatTvac_CurrentRaw...
2023-10-23 00:54:11,880: VERBOSE  Altering time series policies for ts:WatchdogHeartbeatTvac_CurrentAmps...
2023-10-23 00:54:11,880: VERBOSE  Altering time series policies for ts:WatchdogHeartbeatTvac_FuelTempRaw...
2023-10-23 00:54:11,881: VERBOSE  Altering time series policies for ts:WatchdogHeartbeatTvac_FuelTempKelvin...
2023-10-23 00:54:11,881: VERBOSE  Altering time series policies for ts:WatchdogHeartbeatTvac_KpHeater...
2023-10-23 00:54:11,881: VERBOSE  Altering time series policies for ts:WatchdogHeartbeatTvac_HeaterSetpoint...
2023-10-23 00:54:11,882: VERBOSE  Altering time series policies for ts:WatchdogHeartbeatTvac_HeaterSetpointKelvin...
2023-10-23 00:54:11,882: VERBOSE  Altering time series policies for ts:WatchdogHeartbeatTvac_HeaterWindow...
2023-10-23 00:54:11,883: VERBOSE  Altering time series policies for ts:WatchdogHeartbeatTvac_HeaterWindowKelvin...
2023-10-23 00:54:11,883: VERBOSE  Altering time series policies for ts:WatchdogHeartbeatTvac_HeaterPwmLimit...
2023-10-23 00:54:11,883: VERBOSE  Altering time series policies for ts:WatchdogHeartbeatTvac_WatchdogMode...
2023-10-23 00:54:11,883: VERBOSE  Altering time series policies for ts:WatchdogHeartbeatTvac_HeaterStatus...
2023-10-23 00:54:11,884: VERBOSE  Altering time series policies for ts:WatchdogHeartbeatTvac_HeatingControlEnabled...
2023-10-23 00:54:11,884: VERBOSE  Altering time series policies for ts:WatchdogHeartbeatTvac_HeaterPwmDutyCycle...
2023-10-23 00:54:11,884: VERBOSE  Altering time series policies for ts:WatchdogHeartbeat_BattAdcTempRaw...
2023-10-23 00:54:11,885: VERBOSE  Altering time series policies for ts:WatchdogHeartbeat_BattAdcTempKelvin...
2023-10-23 00:54:11,885: VERBOSE  Altering time series policies for ts:WatchdogHeartbeat_ChargeRaw...
2023-10-23 00:54:11,885: VERBOSE  Altering time series policies for ts:WatchdogHeartbeat_ChargeMah...
2023-10-23 00:54:11,885: VERBOSE  Altering time series policies for ts:WatchdogHeartbeat_ChargePercent...
2023-10-23 00:54:11,885: VERBOSE  Altering time series policies for ts:WatchdogHeartbeat_BatteryVoltageOk...
2023-10-23 00:54:11,885: VERBOSE  Altering time series policies for ts:WatchdogHeartbeat_CurrentRaw...
2023-10-23 00:54:11,886: VERBOSE  Altering time series policies for ts:WatchdogHeartbeat_CurrentMilliamps...
2023-10-23 00:54:11,886: VERBOSE  Altering time series policies for ts:WatchdogHeartbeat_HeaterStatus...
2023-10-23 00:54:11,886: VERBOSE  Altering time series policies for ts:WatchdogDetailedStatus_Io_ChargingStatus1...
2023-10-23 00:54:11,886: VERBOSE  Altering time series policies for ts:WatchdogDetailedStatus_Io_ChargingStatus2...
2023-10-23 00:54:11,886: VERBOSE  Altering time series policies for ts:WatchdogDetailedStatus_Io_ChargerState...
2023-10-23 00:54:11,886: VERBOSE  Altering time series policies for ts:WatchdogDetailedStatus_Io_BatteryConnectionStatus...
2023-10-23 00:54:11,887: VERBOSE  Altering time series policies for ts:WatchdogDetailedStatus_Io_BatteryLatchStatus...
2023-10-23 00:54:11,887: VERBOSE  Altering time series policies for ts:WatchdogDetailedStatus_Io_BatteryState...
2023-10-23 00:54:11,887: VERBOSE  Altering time series policies for ts:WatchdogDetailedStatus_Io_1V2PowerGood...
2023-10-23 00:54:11,887: VERBOSE  Altering time series policies for ts:WatchdogDetailedStatus_Io_1V8PowerGood...
2023-10-23 00:54:11,887: VERBOSE  Altering time series policies for ts:WatchdogDetailedStatus_Io_3V3PowerGood...
2023-10-23 00:54:11,887: VERBOSE  Altering time series policies for ts:WatchdogDetailedStatus_Io_5V0PowerGood...
2023-10-23 00:54:11,888: VERBOSE  Altering time series policies for ts:WatchdogDetailedStatus_Watchdog_State...
2023-10-23 00:54:11,888: VERBOSE  Altering time series policies for ts:WatchdogDetailedStatus_Watchdog_DeploymentStatus...
2023-10-23 00:54:11,888: VERBOSE  Altering time series policies for ts:WatchdogDetailedStatus_Watchdog_Uart0State...
2023-10-23 00:54:11,888: VERBOSE  Altering time series policies for ts:WatchdogDetailedStatus_Watchdog_Uart1State...
2023-10-23 00:54:11,888: VERBOSE  Altering time series policies for ts:WatchdogDetailedStatus_Watchdog_DetailedHeartbeatSequenceNumber...
2023-10-23 00:54:11,888: VERBOSE  Altering time series policies for ts:WatchdogDetailedStatus_Watchdog_DigitalOutputStates...
2023-10-23 00:54:11,888: VERBOSE  Altering time series policies for ts:WatchdogDetailedStatus_Watchdog_CombinedDigitalStates...
2023-10-23 00:54:11,889: VERBOSE  Altering time series policies for ts:WatchdogDetailedStatus_Watchdog_ResetLogs...
2023-10-23 00:54:11,889: VERBOSE  Altering time series policies for ts:WatchdogDetailedStatus_Adc_LanderVoltageRaw...
2023-10-23 00:54:11,889: VERBOSE  Altering time series policies for ts:WatchdogDetailedStatus_Adc_LanderVoltage...
2023-10-23 00:54:11,889: VERBOSE  Altering time series policies for ts:WatchdogDetailedStatus_Adc_BatteryChargingTempRaw...
2023-10-23 00:54:11,889: VERBOSE  Altering time series policies for ts:WatchdogDetailedStatus_Adc_BatteryChargingTempKelvin...
2023-10-23 00:54:11,889: VERBOSE  Altering time series policies for ts:WatchdogDetailedStatus_Adc_BatteryChargingTempUncertaintyKelvin...
2023-10-23 00:54:11,889: VERBOSE  Altering time series policies for ts:WatchdogDetailedStatus_Adc_BatteryTempRaw...
2023-10-23 00:54:11,890: VERBOSE  Altering time series policies for ts:WatchdogDetailedStatus_Adc_BatteryTempKelvin...
2023-10-23 00:54:11,890: VERBOSE  Altering time series policies for ts:WatchdogDetailedStatus_Adc_BatteryTempUncertaintyKelvin...
2023-10-23 00:54:11,890: VERBOSE  Altering time series policies for ts:WatchdogDetailedStatus_Adc_FullSystemVoltageRaw...
2023-10-23 00:54:11,890: VERBOSE  Altering time series policies for ts:WatchdogDetailedStatus_Adc_FullSystemVoltage...
2023-10-23 00:54:11,890: VERBOSE  Altering time series policies for ts:WatchdogDetailedStatus_Adc_FullSystemCurrentRaw...
2023-10-23 00:54:11,890: VERBOSE  Altering time series policies for ts:WatchdogDetailedStatus_Adc_FullSystemCurrent...
2023-10-23 00:54:11,891: VERBOSE  Altering time series policies for ts:WatchdogDetailedStatus_Adc_SwitchedBatteryVoltageRaw...
2023-10-23 00:54:11,891: VERBOSE  Altering time series policies for ts:WatchdogDetailedStatus_Adc_SwitchedBatteryVoltage...
2023-10-23 00:54:11,891: VERBOSE  Altering time series policies for ts:WatchdogDetailedStatus_Adc_2V5VoltageRaw...
2023-10-23 00:54:11,891: VERBOSE  Altering time series policies for ts:WatchdogDetailedStatus_Adc_2V5Voltage...
2023-10-23 00:54:11,891: VERBOSE  Altering time series policies for ts:WatchdogDetailedStatus_Adc_2V8VoltageRaw...
2023-10-23 00:54:11,891: VERBOSE  Altering time series policies for ts:WatchdogDetailedStatus_Adc_2V8Voltage...
2023-10-23 00:54:11,892: VERBOSE  Altering time series policies for ts:WatchdogDetailedStatus_Adc_Vcc28VoltageRaw...
2023-10-23 00:54:11,892: VERBOSE  Altering time series policies for ts:WatchdogDetailedStatus_Adc_Vcc28Voltage...
2023-10-23 00:54:11,892: VERBOSE  Altering time series policies for ts:WatchdogDetailedStatus_Adc_Vcc24VoltageRaw...
2023-10-23 00:54:11,892: VERBOSE  Altering time series policies for ts:WatchdogDetailedStatus_Adc_Vcc24Voltage...
2023-10-23 00:54:11,892: VERBOSE  Altering time series policies for ts:WatchdogDetailedStatus_Heater_Kp...
2023-10-23 00:54:11,892: VERBOSE  Altering time series policies for ts:WatchdogDetailedStatus_Heater_PwmLimit_DutyCycleCounter...
2023-10-23 00:54:11,892: VERBOSE  Altering time series policies for ts:WatchdogDetailedStatus_Heater_PwmLimit_DutyCyclePercent...
2023-10-23 00:54:11,893: VERBOSE  Altering time series policies for ts:WatchdogDetailedStatus_Heater_EffectivePowerLimit...
2023-10-23 00:54:11,893: VERBOSE  Altering time series policies for ts:WatchdogDetailedStatus_Heater_SetpointValue...
2023-10-23 00:54:11,893: VERBOSE  Altering time series policies for ts:WatchdogDetailedStatus_Heater_SetpointKelvin...
2023-10-23 00:54:11,893: VERBOSE  Altering time series policies for ts:WatchdogDetailedStatus_Heater_OnValue...
2023-10-23 00:54:11,893: VERBOSE  Altering time series policies for ts:WatchdogDetailedStatus_Heater_OnTempKelvin...
2023-10-23 00:54:11,893: VERBOSE  Altering time series policies for ts:WatchdogDetailedStatus_Heater_OffValue...
2023-10-23 00:54:11,894: VERBOSE  Altering time series policies for ts:WatchdogDetailedStatus_Heater_OffTempKelvin...
2023-10-23 00:54:11,894: VERBOSE  Altering time series policies for ts:WatchdogDetailedStatus_Heater_ControlEnabled...
2023-10-23 00:54:11,894: VERBOSE  Altering time series policies for ts:WatchdogDetailedStatus_Heater_IsHeating...
2023-10-23 00:54:11,894: VERBOSE  Altering time series policies for ts:WatchdogDetailedStatus_Heater_DutyCyclePeriodCycles...
2023-10-23 00:54:11,894: VERBOSE  Altering time series policies for ts:WatchdogDetailedStatus_Heater_DutyCyclePeriodMs...
2023-10-23 00:54:11,894: VERBOSE  Altering time series policies for ts:WatchdogDetailedStatus_Heater_DutyCycleCounter...
2023-10-23 00:54:11,894: VERBOSE  Altering time series policies for ts:WatchdogDetailedStatus_Heater_DutyCyclePercent...
2023-10-23 00:54:11,895: VERBOSE  Altering time series policies for ts:WatchdogDetailedStatus_Heater_EffectiveVoltage...
2023-10-23 00:54:11,895: VERBOSE  Altering time series policies for ts:WatchdogDetailedStatus_Heater_EffectivePower...
2023-10-23 00:54:11,895: VERBOSE  Altering time series policies for ts:WatchdogDetailedStatus_I2C_BatteryChargeRaw...
2023-10-23 00:54:11,895: VERBOSE  Altering time series policies for ts:WatchdogDetailedStatus_I2C_BatteryChargeMah...
2023-10-23 00:54:11,895: VERBOSE  Altering time series policies for ts:WatchdogDetailedStatus_I2C_BatteryVoltageRaw...
2023-10-23 00:54:11,895: VERBOSE  Altering time series policies for ts:WatchdogDetailedStatus_I2C_BatteryVoltage...
2023-10-23 00:54:11,895: VERBOSE  Altering time series policies for ts:WatchdogDetailedStatus_I2C_BatteryCurrentRaw...
2023-10-23 00:54:11,896: VERBOSE  Altering time series policies for ts:WatchdogDetailedStatus_I2C_BatteryCurrent...
2023-10-23 00:54:11,896: VERBOSE  Altering time series policies for ts:WatchdogDetailedStatus_I2C_FuelGaugeTempRaw...
2023-10-23 00:54:11,896: VERBOSE  Altering time series policies for ts:WatchdogDetailedStatus_I2C_FuelGaugeTempKelvin...
2023-10-23 00:54:11,896: VERBOSE  Altering time series policies for ts:WatchdogDetailedStatus_I2C_BatteryChargeTelemRaw...
2023-10-23 00:54:11,896: VERBOSE  Altering time series policies for ts:WatchdogDetailedStatus_I2C_BatteryChargeTelemMah...
2023-10-23 00:54:11,896: VERBOSE  Altering time series policies for ts:WatchdogDetailedStatus_I2C_BatteryCurrentTelemRaw...
2023-10-23 00:54:11,897: VERBOSE  Altering time series policies for ts:WatchdogDetailedStatus_I2C_BatteryCurrentTelemAmps...
2023-10-23 00:54:11,897: VERBOSE  Altering time series policies for ts:WatchdogCommandResponse_CommandId...
2023-10-23 00:54:11,897: VERBOSE  Altering time series policies for ts:WatchdogCommandResponse_ErrorFlag...
2023-10-23 00:54:11,897: INFO     Creating/altering stream policies . . .
