EDA Netlist Writer report for CRPII_FPGAFirmware
Thu Sep 28 16:47:59 2023
Quartus Prime Version 22.1std.2 Build 922 07/20/2023 SC Lite Edition


---------------------
; Table of Contents ;
---------------------
  1. Legal Notice
  2. EDA Netlist Writer Summary
  3. Simulation Settings
  4. Simulation Generated Files
  5. EDA Netlist Writer Messages



----------------
; Legal Notice ;
----------------
Copyright (C) 2023  Intel Corporation. All rights reserved.
Your use of Intel Corporation's design tools, logic functions 
and other software and tools, and any partner logic 
functions, and any output files from any of the foregoing 
(including device programming or simulation files), and any 
associated documentation or information are expressly subject 
to the terms and conditions of the Intel Program License 
Subscription Agreement, the Intel Quartus Prime License Agreement,
the Intel FPGA IP License Agreement, or other applicable license
agreement, including, without limitation, that your use is for
the sole purpose of programming logic devices manufactured by
Intel and sold by Intel or its authorized distributors.  Please
refer to the applicable agreement for further details, at
https://fpgasoftware.intel.com/eula.



+-------------------------------------------------------------------+
; EDA Netlist Writer Summary                                        ;
+---------------------------+---------------------------------------+
; EDA Netlist Writer Status ; Successful - Thu Sep 28 16:47:59 2023 ;
; Revision Name             ; CRPII_FPGAFirmware                    ;
; Top-level Entity Name     ; CRPII_FPGAFirmware_Release            ;
; Family                    ; Cyclone 10 LP                         ;
; Simulation Files Creation ; Successful                            ;
+---------------------------+---------------------------------------+


+---------------------------------------------------------------------------------------------------------------------------------+
; Simulation Settings                                                                                                             ;
+---------------------------------------------------------------------------------------------------+-----------------------------+
; Option                                                                                            ; Setting                     ;
+---------------------------------------------------------------------------------------------------+-----------------------------+
; Tool Name                                                                                         ; Questa Intel FPGA (Verilog) ;
; Generate functional simulation netlist                                                            ; On                          ;
; Truncate long hierarchy paths                                                                     ; Off                         ;
; Map illegal HDL characters                                                                        ; Off                         ;
; Flatten buses into individual nodes                                                               ; Off                         ;
; Maintain hierarchy                                                                                ; Off                         ;
; Bring out device-wide set/reset signals as ports                                                  ; Off                         ;
; Enable glitch filtering                                                                           ; Off                         ;
; Do not write top level VHDL entity                                                                ; Off                         ;
; Disable detection of setup and hold time violations in the input registers of bi-directional pins ; Off                         ;
; Architecture name in VHDL output netlist                                                          ; structure                   ;
; Generate third-party EDA tool command script for RTL functional simulation                        ; Off                         ;
; Generate third-party EDA tool command script for gate-level simulation                            ; Off                         ;
+---------------------------------------------------------------------------------------------------+-----------------------------+


+---------------------------------------------------------------------------------------------------------------------------------------------------------------+
; Simulation Generated Files                                                                                                                                    ;
+---------------------------------------------------------------------------------------------------------------------------------------------------------------+
; Generated Files                                                                                                                                               ;
+---------------------------------------------------------------------------------------------------------------------------------------------------------------+
; /home/iris/Desktop/Working_Folders/mschnur/Watchdog_MSP430/Apps/FlightSoftware/FPGA/QuartusProject/CRPII_FPGAFirmware/simulation/questa/CRPII_FPGAFirmware.vo ;
+---------------------------------------------------------------------------------------------------------------------------------------------------------------+


+-----------------------------+
; EDA Netlist Writer Messages ;
+-----------------------------+
Info: *******************************************************************
Info: Running Quartus Prime EDA Netlist Writer
    Info: Version 22.1std.2 Build 922 07/20/2023 SC Lite Edition
    Info: Processing started: Thu Sep 28 16:47:58 2023
Info: Command: quartus_eda --read_settings_files=off --write_settings_files=off CRPII_FPGAFirmware -c CRPII_FPGAFirmware
Warning (18236): Number of processors has not been specified which may cause overloading on shared machines.  Set the global assignment NUM_PARALLEL_PROCESSORS in your QSF to an appropriate value for best performance.
Info (204019): Generated file CRPII_FPGAFirmware.vo in folder "/home/iris/Desktop/Working_Folders/mschnur/Watchdog_MSP430/Apps/FlightSoftware/FPGA/QuartusProject/CRPII_FPGAFirmware/simulation/questa/" for EDA simulation tool
Info: Quartus Prime EDA Netlist Writer was successful. 0 errors, 1 warning
    Info: Peak virtual memory: 628 megabytes
    Info: Processing ended: Thu Sep 28 16:47:59 2023
    Info: Elapsed time: 00:00:01
    Info: Total CPU time (on all processors): 00:00:00


